Using pre-set license
Built from '2021.3/staging' branch; Version is '2021.3.8f1 (b30333d56e81) revision 11731763'; Using compiler version '192829333'; Build Type 'Release'
OS: 'Windows 11  (10.0.22000) 64bit CoreSingleLanguage' Language: 'en' Physical Memory: 16221 MB
BatchMode: 1, IsHumanControllingUs: 0, StartBugReporterOnCrash: 0, Is64bit: 1, IsPro: 1

COMMAND LINE ARGUMENTS:
C:\Program Files\Unity\Hub\Editor\2021.3.8f1\Editor\Unity.exe
-adb2
-batchMode
-noUpm
-name
AssetImportWorker1
-projectPath
D:/Unity/SnakeAndLadderUnity-master
-logFile
Logs/AssetImportWorker1.log
-srvPort
55561
Successfully changed project path to: D:/Unity/SnakeAndLadderUnity-master
D:/Unity/SnakeAndLadderUnity-master
[UnityMemory] Configuration Parameters - Can be set up in boot.config
    "memorysetup-bucket-allocator-granularity=16"
    "memorysetup-bucket-allocator-bucket-count=8"
    "memorysetup-bucket-allocator-block-size=33554432"
    "memorysetup-bucket-allocator-block-count=8"
    "memorysetup-main-allocator-block-size=16777216"
    "memorysetup-thread-allocator-block-size=16777216"
    "memorysetup-gfx-main-allocator-block-size=16777216"
    "memorysetup-gfx-thread-allocator-block-size=16777216"
    "memorysetup-cache-allocator-block-size=4194304"
    "memorysetup-typetree-allocator-block-size=2097152"
    "memorysetup-profiler-bucket-allocator-granularity=16"
    "memorysetup-profiler-bucket-allocator-bucket-count=8"
    "memorysetup-profiler-bucket-allocator-block-size=33554432"
    "memorysetup-profiler-bucket-allocator-block-count=8"
    "memorysetup-profiler-allocator-block-size=16777216"
    "memorysetup-profiler-editor-allocator-block-size=1048576"
    "memorysetup-temp-allocator-size-main=16777216"
    "memorysetup-job-temp-allocator-block-size=2097152"
    "memorysetup-job-temp-allocator-block-size-background=1048576"
    "memorysetup-job-temp-allocator-reduction-small-platforms=262144"
    "memorysetup-temp-allocator-size-background-worker=32768"
    "memorysetup-temp-allocator-size-job-worker=262144"
    "memorysetup-temp-allocator-size-preload-manager=33554432"
    "memorysetup-temp-allocator-size-nav-mesh-worker=65536"
    "memorysetup-temp-allocator-size-audio-worker=65536"
    "memorysetup-temp-allocator-size-cloud-worker=32768"
    "memorysetup-temp-allocator-size-gi-baking-worker=262144"
    "memorysetup-temp-allocator-size-gfx=262144"
Refreshing native plugins compatible for Editor in 98.12 ms, found 2 plugins.
Preloading 0 native plugins for Editor in 0.00 ms.
Initialize engine version: 2021.3.8f1 (b30333d56e81)
[Subsystems] Discovering subsystems at path C:/Program Files/Unity/Hub/Editor/2021.3.8f1/Editor/Data/Resources/UnitySubsystems
[Subsystems] Discovering subsystems at path D:/Unity/SnakeAndLadderUnity-master/Assets
GfxDevice: creating device client; threaded=0; jobified=0
Direct3D:
    Version:  Direct3D 11.0 [level 11.1]
    Renderer: NVIDIA GeForce GTX 1650 (ID=0x1f99)
    Vendor:   NVIDIA
    VRAM:     3962 MB
    Driver:   31.0.15.1694
Initialize mono
Mono path[0] = 'C:/Program Files/Unity/Hub/Editor/2021.3.8f1/Editor/Data/Managed'
Mono path[1] = 'C:/Program Files/Unity/Hub/Editor/2021.3.8f1/Editor/Data/MonoBleedingEdge/lib/mono/unityjit-win32'
Mono config path = 'C:/Program Files/Unity/Hub/Editor/2021.3.8f1/Editor/Data/MonoBleedingEdge/etc'
Using monoOptions --debugger-agent=transport=dt_socket,embedding=1,server=y,suspend=n,address=127.0.0.1:56952
Begin MonoManager ReloadAssembly
Registering precompiled unity dll's ...
Register platform support module: C:/Program Files/Unity/Hub/Editor/2021.3.8f1/Editor/Data/PlaybackEngines/WebGLSupport/UnityEditor.WebGL.Extensions.dll
Register platform support module: C:/Program Files/Unity/Hub/Editor/2021.3.8f1/Editor/Data/PlaybackEngines/WindowsStandaloneSupport/UnityEditor.WindowsStandalone.Extensions.dll
Registered in 0.007296 seconds.
Native extension for WindowsStandalone target not found
Native extension for WebGL target not found
Refreshing native plugins compatible for Editor in 61.69 ms, found 2 plugins.
Preloading 0 native plugins for Editor in 0.00 ms.
Mono: successfully reloaded assembly
- Completed reload, in  0.923 seconds
Domain Reload Profiling:
	ReloadAssembly (930ms)
		BeginReloadAssembly (184ms)
			ExecutionOrderSort (0ms)
			DisableScriptedObjects (0ms)
			BackupInstance (0ms)
			ReleaseScriptingObjects (0ms)
			CreateAndSetChildDomain (8ms)
		EndReloadAssembly (583ms)
			LoadAssemblies (152ms)
			RebuildTransferFunctionScriptingTraits (0ms)
			SetupTypeCache (162ms)
			ReleaseScriptCaches (0ms)
			RebuildScriptCaches (38ms)
			SetupLoadedEditorAssemblies (315ms)
				LogAssemblyErrors (0ms)
				InitializePlatformSupportModulesInManaged (12ms)
				SetLoadedEditorAssemblies (0ms)
				RefreshPlugins (62ms)
				BeforeProcessingInitializeOnLoad (1ms)
				ProcessInitializeOnLoadAttributes (161ms)
				ProcessInitializeOnLoadMethodAttributes (80ms)
				AfterProcessingInitializeOnLoad (0ms)
				EditorAssembliesLoaded (0ms)
			ExecutionOrderSort2 (0ms)
			AwakeInstancesAfterBackupRestoration (0ms)
Platform modules already initialized, skipping
Registering precompiled user dll's ...
Registered in 0.004145 seconds.
Begin MonoManager ReloadAssembly
Native extension for WindowsStandalone target not found
Native extension for WebGL target not found
Refreshing native plugins compatible for Editor in 1.05 ms, found 2 plugins.
Preloading 0 native plugins for Editor in 0.00 ms.
Package Manager log level set to [2]
Mono: successfully reloaded assembly
- Completed reload, in  1.825 seconds
Domain Reload Profiling:
	ReloadAssembly (1826ms)
		BeginReloadAssembly (222ms)
			ExecutionOrderSort (0ms)
			DisableScriptedObjects (10ms)
			BackupInstance (0ms)
			ReleaseScriptingObjects (0ms)
			CreateAndSetChildDomain (38ms)
		EndReloadAssembly (1378ms)
			LoadAssemblies (137ms)
			RebuildTransferFunctionScriptingTraits (0ms)
			SetupTypeCache (360ms)
			ReleaseScriptCaches (1ms)
			RebuildScriptCaches (87ms)
			SetupLoadedEditorAssemblies (742ms)
				LogAssemblyErrors (0ms)
				InitializePlatformSupportModulesInManaged (11ms)
				SetLoadedEditorAssemblies (1ms)
				RefreshPlugins (1ms)
				BeforeProcessingInitializeOnLoad (105ms)
				ProcessInitializeOnLoadAttributes (364ms)
				ProcessInitializeOnLoadMethodAttributes (249ms)
				AfterProcessingInitializeOnLoad (10ms)
				EditorAssembliesLoaded (1ms)
			ExecutionOrderSort2 (0ms)
			AwakeInstancesAfterBackupRestoration (10ms)
Platform modules already initialized, skipping
========================================================================
Worker process is ready to serve import requests
Launched and connected shader compiler UnityShaderCompiler.exe after 0.06 seconds
Refreshing native plugins compatible for Editor in 1.10 ms, found 2 plugins.
Preloading 0 native plugins for Editor in 0.00 ms.
Unloading 2439 Unused Serialized files (Serialized files now loaded: 0)
Unloading 78 unused Assets / (56.3 KB). Loaded Objects now: 2857.
Memory consumption went from 92.9 MB to 92.9 MB.
Total: 7.814600 ms (FindLiveObjects: 0.267400 ms CreateObjectMapping: 0.311700 ms MarkObjects: 7.066900 ms  DeleteObjects: 0.166700 ms)

AssetImportParameters requested are different than current active one (requested -> active):
  custom:video-decoder-ogg-theora: a1e56fd34408186e4bbccfd4996cb3dc -> 
  custom:container-muxer-webm: aa71ff27fc2769a1b78a27578f13a17b -> 
  custom:container-demuxer-webm: 4f35f7cbe854078d1ac9338744f61a02 -> 
  custom:video-encoder-webm-vp8: eb34c28f22e8b96e1ab97ce403110664 -> 
  custom:video-codec-MediaFoundation-h265: 746d11721c4dcdbdad8f713fa42b33f4 -> 
  custom:audio-encoder-webm-vorbis: bf7c407c2cedff20999df2af8eb42d56 -> 
  custom:framework-win-MediaFoundation: 216162199b28c13a410421893ffa2e32 -> 
  custom:container-demuxer-ogg: 62fdf1f143b41e24485cea50d1cbac27 -> 
  custom:video-decoder-webm-vp8: 9c59270c3fd7afecdb556c50c9e8de78 -> 
  custom:audio-decoder-ogg-vorbis: bf7c407c2cedff20999df2af8eb42d56 -> 
========================================================================
Received Import Request.
  Time since last request: 654444.484697 seconds.
  path: Assets/Ultimate GUI Kit/GUI assets/Background.png
  artifactKey: Guid(f60b5a663b8a65d489abbc9c52521182) Importer(815301076,1909f56bfc062723c751e8b465ee728b)
Start importing Assets/Ultimate GUI Kit/GUI assets/Background.png using Guid(f60b5a663b8a65d489abbc9c52521182) Importer(815301076,1909f56bfc062723c751e8b465ee728b)  -> (artifact id: 'ac343707246291943160af8b2b094cf5') in 0.196615 seconds 
========================================================================
Received Import Request.
  Time since last request: 0.000036 seconds.
  path: Assets/Ultimate GUI Kit/GUI assets/Menu_Button.png
  artifactKey: Guid(5d945bbbaf3e4364483db782577c8c18) Importer(815301076,1909f56bfc062723c751e8b465ee728b)
Start importing Assets/Ultimate GUI Kit/GUI assets/Menu_Button.png using Guid(5d945bbbaf3e4364483db782577c8c18) Importer(815301076,1909f56bfc062723c751e8b465ee728b)  -> (artifact id: 'be8e4bf27b78d382db5b7efe4d3ccc14') in 0.021479 seconds 
========================================================================
Received Import Request.
  Time since last request: 0.000047 seconds.
  path: Assets/Ultimate GUI Kit/GUI assets/ElementsBackground.png
  artifactKey: Guid(7616d92aa1840fb4fb4f2570b425f15c) Importer(815301076,1909f56bfc062723c751e8b465ee728b)
Start importing Assets/Ultimate GUI Kit/GUI assets/ElementsBackground.png using Guid(7616d92aa1840fb4fb4f2570b425f15c) Importer(815301076,1909f56bfc062723c751e8b465ee728b)  -> (artifact id: 'e2dc25b5111c776a0d29c69e373feff1') in 0.019713 seconds 
========================================================================
Received Import Request.
  Time since last request: 0.000063 seconds.
  path: Assets/Ultimate GUI Kit/GUI assets/pondomaniaclogos.png
  artifactKey: Guid(7147178d5a931eb44b2d13e73249c34c) Importer(815301076,1909f56bfc062723c751e8b465ee728b)
Start importing Assets/Ultimate GUI Kit/GUI assets/pondomaniaclogos.png using Guid(7147178d5a931eb44b2d13e73249c34c) Importer(815301076,1909f56bfc062723c751e8b465ee728b)  -> (artifact id: 'd37e4f542df64bf389beae653512c8ed') in 0.027633 seconds 
========================================================================
Received Import Request.
  Time since last request: 0.000028 seconds.
  path: Assets/Ultimate GUI Kit/GUI assets/Play_Main_Menu_S.png
  artifactKey: Guid(d05abd6a829ad21458c1786b3ad76e90) Importer(815301076,1909f56bfc062723c751e8b465ee728b)
Start importing Assets/Ultimate GUI Kit/GUI assets/Play_Main_Menu_S.png using Guid(d05abd6a829ad21458c1786b3ad76e90) Importer(815301076,1909f56bfc062723c751e8b465ee728b)  -> (artifact id: '2c6e72050bbcde2763a238f33d0d645e') in 0.021038 seconds 
========================================================================
Received Import Request.
  Time since last request: 0.000024 seconds.
  path: Assets/Ultimate GUI Kit/GUI assets/Button_s.png
  artifactKey: Guid(334d08cc4906c4d4085d14ea8a4a4230) Importer(815301076,1909f56bfc062723c751e8b465ee728b)
Start importing Assets/Ultimate GUI Kit/GUI assets/Button_s.png using Guid(334d08cc4906c4d4085d14ea8a4a4230) Importer(815301076,1909f56bfc062723c751e8b465ee728b)  -> (artifact id: '9997df758387891815873b1f28ff36ee') in 0.019478 seconds 
========================================================================
Received Import Request.
  Time since last request: 0.000025 seconds.
  path: Assets/Ultimate GUI Kit/GUI assets/Gold.png
  artifactKey: Guid(1ed0b84a5a331b54b8ec7e7b308f5f5e) Importer(815301076,1909f56bfc062723c751e8b465ee728b)
Start importing Assets/Ultimate GUI Kit/GUI assets/Gold.png using Guid(1ed0b84a5a331b54b8ec7e7b308f5f5e) Importer(815301076,1909f56bfc062723c751e8b465ee728b)  -> (artifact id: '7e7628394eef27daa095e66e9ef43524') in 0.020219 seconds 
========================================================================
Received Import Request.
  Time since last request: 0.000022 seconds.
  path: Assets/Ultimate GUI Kit/GUI assets/Background_game.png
  artifactKey: Guid(c2d75ec1557f335458c3909d1b321013) Importer(815301076,1909f56bfc062723c751e8b465ee728b)
Start importing Assets/Ultimate GUI Kit/GUI assets/Background_game.png using Guid(c2d75ec1557f335458c3909d1b321013) Importer(815301076,1909f56bfc062723c751e8b465ee728b)  -> (artifact id: '5e919c86d097848e51ba253d40b13b0a') in 0.079014 seconds 
========================================================================
Received Import Request.
  Time since last request: 0.000043 seconds.
  path: Assets/Ultimate GUI Kit/GUI assets/Pause_Button 1.png
  artifactKey: Guid(da298be9f298ae34683fb34372d5c15c) Importer(815301076,1909f56bfc062723c751e8b465ee728b)
Start importing Assets/Ultimate GUI Kit/GUI assets/Pause_Button 1.png using Guid(da298be9f298ae34683fb34372d5c15c) Importer(815301076,1909f56bfc062723c751e8b465ee728b)  -> (artifact id: 'f021a53c1f6a4b228f6fad4638c2ee9b') in 0.021115 seconds 
========================================================================
Received Import Request.
  Time since last request: 0.000034 seconds.
  path: Assets/Ultimate GUI Kit/GUI assets/Play_Button 4.png
  artifactKey: Guid(01614c9b657ba3540af5333eb8224868) Importer(815301076,1909f56bfc062723c751e8b465ee728b)
Start importing Assets/Ultimate GUI Kit/GUI assets/Play_Button 4.png using Guid(01614c9b657ba3540af5333eb8224868) Importer(815301076,1909f56bfc062723c751e8b465ee728b)  -> (artifact id: '1843d160bc58662f3df9ac1ad72ee23d') in 0.024098 seconds 
========================================================================
Received Import Request.
  Time since last request: 0.000024 seconds.
  path: Assets/Ultimate GUI Kit/GUI assets/BestScoreBackground.png
  artifactKey: Guid(344fec3e64753084298c69e315f31cef) Importer(815301076,1909f56bfc062723c751e8b465ee728b)
Start importing Assets/Ultimate GUI Kit/GUI assets/BestScoreBackground.png using Guid(344fec3e64753084298c69e315f31cef) Importer(815301076,1909f56bfc062723c751e8b465ee728b)  -> (artifact id: '87d9c0f3e7c5c3e6f48f649fae8fc713') in 0.023577 seconds 
========================================================================
Received Import Request.
  Time since last request: 0.000042 seconds.
  path: Assets/Ultimate GUI Kit/GUI assets/Menu Selection Click.wav
  artifactKey: Guid(07b02d0c63130e144ac731261ddb962d) Importer(815301076,1909f56bfc062723c751e8b465ee728b)
Start importing Assets/Ultimate GUI Kit/GUI assets/Menu Selection Click.wav using Guid(07b02d0c63130e144ac731261ddb962d) Importer(815301076,1909f56bfc062723c751e8b465ee728b)  -> (artifact id: 'ad65061466797d8bed39988fe52d0ea0') in 0.084358 seconds 
========================================================================
Received Import Request.
  Time since last request: 0.000031 seconds.
  path: Assets/Ultimate GUI Kit/GUI assets/GridBackgroundS.png
  artifactKey: Guid(6d0a636151ac3e24fa95456dfb9d5e71) Importer(815301076,1909f56bfc062723c751e8b465ee728b)
Start importing Assets/Ultimate GUI Kit/GUI assets/GridBackgroundS.png using Guid(6d0a636151ac3e24fa95456dfb9d5e71) Importer(815301076,1909f56bfc062723c751e8b465ee728b)  -> (artifact id: '4ef51effa5445d2837fb12b894b7b760') in 0.028749 seconds 
========================================================================
Received Import Request.
  Time since last request: 0.000021 seconds.
  path: Assets/Ultimate GUI Kit/GUI assets/it.png
  artifactKey: Guid(4c66772e1d768b34996bc15a0203fc8e) Importer(815301076,1909f56bfc062723c751e8b465ee728b)
Start importing Assets/Ultimate GUI Kit/GUI assets/it.png using Guid(4c66772e1d768b34996bc15a0203fc8e) Importer(815301076,1909f56bfc062723c751e8b465ee728b)  -> (artifact id: '4681186a77824da9e0d393b2a1117f88') in 0.025789 seconds 
========================================================================
Received Import Request.
  Time since last request: 0.000020 seconds.
  path: Assets/Ultimate GUI Kit/GUI assets/Clover 1.png
  artifactKey: Guid(0bd4052bbac8ad140bd28555599fdbc6) Importer(815301076,1909f56bfc062723c751e8b465ee728b)
Start importing Assets/Ultimate GUI Kit/GUI assets/Clover 1.png using Guid(0bd4052bbac8ad140bd28555599fdbc6) Importer(815301076,1909f56bfc062723c751e8b465ee728b)  -> (artifact id: '06eb45b309cb1f659e5b6f6d429a596b') in 0.019357 seconds 
========================================================================
Received Import Request.
  Time since last request: 0.000043 seconds.
  path: Assets/Ultimate GUI Kit/GUI assets/Facebook_Share.png
  artifactKey: Guid(0827923bdf8a52f49b5e76edf7c45112) Importer(815301076,1909f56bfc062723c751e8b465ee728b)
Start importing Assets/Ultimate GUI Kit/GUI assets/Facebook_Share.png using Guid(0827923bdf8a52f49b5e76edf7c45112) Importer(815301076,1909f56bfc062723c751e8b465ee728b)  -> (artifact id: '985b58bd78e4a3eb6437b7fc8d4adf9f') in 0.021807 seconds 
========================================================================
Received Import Request.
  Time since last request: 0.000015 seconds.
  path: Assets/Ultimate GUI Kit/GUI assets/Clover_Red.png
  artifactKey: Guid(e91110db7c9507844b87d68abe06b659) Importer(815301076,1909f56bfc062723c751e8b465ee728b)
Start importing Assets/Ultimate GUI Kit/GUI assets/Clover_Red.png using Guid(e91110db7c9507844b87d68abe06b659) Importer(815301076,1909f56bfc062723c751e8b465ee728b)  -> (artifact id: '817aeaa9f7f457e6025381f946f531aa') in 0.017143 seconds 
========================================================================
Received Import Request.
  Time since last request: 0.000029 seconds.
  path: Assets/Ultimate GUI Kit/GUI assets/Menu_Button 1.png
  artifactKey: Guid(c6c9dbc0fdcef7b458d3630cea405c8c) Importer(815301076,1909f56bfc062723c751e8b465ee728b)
Start importing Assets/Ultimate GUI Kit/GUI assets/Menu_Button 1.png using Guid(c6c9dbc0fdcef7b458d3630cea405c8c) Importer(815301076,1909f56bfc062723c751e8b465ee728b)  -> (artifact id: 'eb92dae5155f8f5e456f1a04c17eee59') in 0.019433 seconds 
========================================================================
Received Import Request.
  Time since last request: 0.000018 seconds.
  path: Assets/Ultimate GUI Kit/GUI assets/ktimer.png
  artifactKey: Guid(c671575813000314ca185402bbd734f6) Importer(815301076,1909f56bfc062723c751e8b465ee728b)
Start importing Assets/Ultimate GUI Kit/GUI assets/ktimer.png using Guid(c671575813000314ca185402bbd734f6) Importer(815301076,1909f56bfc062723c751e8b465ee728b)  -> (artifact id: '6fdbc9f877482b2db83506511048c37c') in 0.020617 seconds 
========================================================================
Received Import Request.
  Time since last request: 0.000075 seconds.
  path: Assets/Ultimate GUI Kit/GUI assets/Lion.png
  artifactKey: Guid(6ba5a65861f86264bbcbf0898c38d6cd) Importer(815301076,1909f56bfc062723c751e8b465ee728b)
Start importing Assets/Ultimate GUI Kit/GUI assets/Lion.png using Guid(6ba5a65861f86264bbcbf0898c38d6cd) Importer(815301076,1909f56bfc062723c751e8b465ee728b)  -> (artifact id: '528a391c8102043a0c74089efd655757') in 0.045319 seconds 
========================================================================
Received Import Request.
  Time since last request: 0.000026 seconds.
  path: Assets/Ultimate GUI Kit/GUI assets/Buy_Button.png
  artifactKey: Guid(980c2239e42d4414ca446ec17adf70d5) Importer(815301076,1909f56bfc062723c751e8b465ee728b)
Start importing Assets/Ultimate GUI Kit/GUI assets/Buy_Button.png using Guid(980c2239e42d4414ca446ec17adf70d5) Importer(815301076,1909f56bfc062723c751e8b465ee728b)  -> (artifact id: '866f575afcb90760ebf1eba1bc2e6bd9') in 0.019625 seconds 
========================================================================
Received Import Request.
  Time since last request: 0.000020 seconds.
  path: Assets/Ultimate GUI Kit/GUI assets/Best_Score.png
  artifactKey: Guid(0d00a981823e60f409a4242eb4ebde74) Importer(815301076,1909f56bfc062723c751e8b465ee728b)
Start importing Assets/Ultimate GUI Kit/GUI assets/Best_Score.png using Guid(0d00a981823e60f409a4242eb4ebde74) Importer(815301076,1909f56bfc062723c751e8b465ee728b)  -> (artifact id: '1b2048d33f5ae665568c471cccfc6f2a') in 0.021082 seconds 
========================================================================
Received Import Request.
  Time since last request: 0.000024 seconds.
  path: Assets/Ultimate GUI Kit/GUI assets/facebook-share-social-buttons.jpg
  artifactKey: Guid(3d1a1b5ebddb769468c89618e7eb502e) Importer(815301076,1909f56bfc062723c751e8b465ee728b)
Start importing Assets/Ultimate GUI Kit/GUI assets/facebook-share-social-buttons.jpg using Guid(3d1a1b5ebddb769468c89618e7eb502e) Importer(815301076,1909f56bfc062723c751e8b465ee728b)  -> (artifact id: 'a5bae5b8428975c90ee9c290a4bfc8e7') in 0.023067 seconds 
========================================================================
Received Import Request.
  Time since last request: 0.646337 seconds.
  path: Assets/Ultimate GUI Kit/GUI assets/Reload_Button.png
  artifactKey: Guid(3b6b6e317c479644880f9db54d989296) Importer(815301076,1909f56bfc062723c751e8b465ee728b)
Start importing Assets/Ultimate GUI Kit/GUI assets/Reload_Button.png using Guid(3b6b6e317c479644880f9db54d989296) Importer(815301076,1909f56bfc062723c751e8b465ee728b)  -> (artifact id: '80dc878071170489598e2150804b511c') in 0.027801 seconds 
========================================================================
Received Import Request.
  Time since last request: 0.000024 seconds.
  path: Assets/Ultimate GUI Kit/GUI assets/Star.png
  artifactKey: Guid(974f9e08a9455324dbf95817491f18c7) Importer(815301076,1909f56bfc062723c751e8b465ee728b)
Start importing Assets/Ultimate GUI Kit/GUI assets/Star.png using Guid(974f9e08a9455324dbf95817491f18c7) Importer(815301076,1909f56bfc062723c751e8b465ee728b)  -> (artifact id: 'e7afb4c866ed7c91c4bcd65b9be78ee8') in 0.019481 seconds 
========================================================================
Received Import Request.
  Time since last request: 0.000023 seconds.
  path: Assets/Ultimate GUI Kit/GUI assets/Return_Button.png
  artifactKey: Guid(ffa7f001a1085604ea76664ee0b32d55) Importer(815301076,1909f56bfc062723c751e8b465ee728b)
Start importing Assets/Ultimate GUI Kit/GUI assets/Return_Button.png using Guid(ffa7f001a1085604ea76664ee0b32d55) Importer(815301076,1909f56bfc062723c751e8b465ee728b)  -> (artifact id: 'a44bf8af335ee7107f7eadf09717388c') in 0.022783 seconds 
========================================================================
Received Import Request.
  Time since last request: 0.000029 seconds.
  path: Assets/Ultimate GUI Kit/GUI assets/Score_BG Red.png
  artifactKey: Guid(f737b5fb829deae40bee4c22ad5b3196) Importer(815301076,1909f56bfc062723c751e8b465ee728b)
Start importing Assets/Ultimate GUI Kit/GUI assets/Score_BG Red.png using Guid(f737b5fb829deae40bee4c22ad5b3196) Importer(815301076,1909f56bfc062723c751e8b465ee728b)  -> (artifact id: '5c9ac4fd9b7d41169d85d616ad78827d') in 0.021209 seconds 
========================================================================
Received Import Request.
  Time since last request: 0.000029 seconds.
  path: Assets/Ultimate GUI Kit/GUI assets/Title_Background.png
  artifactKey: Guid(5239619d3d3abef4da076053cb7b4ed5) Importer(815301076,1909f56bfc062723c751e8b465ee728b)
Start importing Assets/Ultimate GUI Kit/GUI assets/Title_Background.png using Guid(5239619d3d3abef4da076053cb7b4ed5) Importer(815301076,1909f56bfc062723c751e8b465ee728b)  -> (artifact id: 'd0949c9fc9e9c12ad55bd6096f9d882f') in 0.020738 seconds 
========================================================================
Received Import Request.
  Time since last request: 0.000020 seconds.
  path: Assets/Ultimate GUI Kit/GUI assets/Score_BG.png
  artifactKey: Guid(399f9623629815248956d642fe48db42) Importer(815301076,1909f56bfc062723c751e8b465ee728b)
Start importing Assets/Ultimate GUI Kit/GUI assets/Score_BG.png using Guid(399f9623629815248956d642fe48db42) Importer(815301076,1909f56bfc062723c751e8b465ee728b)  -> (artifact id: '0a3964f9451fe02bda501fc747f1bc3e') in 0.018539 seconds 
========================================================================
Received Import Request.
  Time since last request: 0.016610 seconds.
  path: Assets/Ultimate GUI Kit/GUI assets/yellow_button03.png
  artifactKey: Guid(df3bbfa30429ff147af6ffc05acc67bd) Importer(815301076,1909f56bfc062723c751e8b465ee728b)
Start importing Assets/Ultimate GUI Kit/GUI assets/yellow_button03.png using Guid(df3bbfa30429ff147af6ffc05acc67bd) Importer(815301076,1909f56bfc062723c751e8b465ee728b)  -> (artifact id: '863a8d5b59baa28bb09da7604cbe76e0') in 0.022556 seconds 
========================================================================
Received Prepare
Registering precompiled user dll's ...
Registered in 0.002411 seconds.
Begin MonoManager ReloadAssembly
Native extension for WindowsStandalone target not found
Native extension for WebGL target not found
Refreshing native plugins compatible for Editor in 1.10 ms, found 2 plugins.
Preloading 0 native plugins for Editor in 0.00 ms.
Mono: successfully reloaded assembly
- Completed reload, in  1.275 seconds
Domain Reload Profiling:
	ReloadAssembly (1275ms)
		BeginReloadAssembly (131ms)
			ExecutionOrderSort (0ms)
			DisableScriptedObjects (6ms)
			BackupInstance (0ms)
			ReleaseScriptingObjects (0ms)
			CreateAndSetChildDomain (38ms)
		EndReloadAssembly (1034ms)
			LoadAssemblies (75ms)
			RebuildTransferFunctionScriptingTraits (0ms)
			SetupTypeCache (231ms)
			ReleaseScriptCaches (1ms)
			RebuildScriptCaches (57ms)
			SetupLoadedEditorAssemblies (588ms)
				LogAssemblyErrors (0ms)
				InitializePlatformSupportModulesInManaged (18ms)
				SetLoadedEditorAssemblies (1ms)
				RefreshPlugins (1ms)
				BeforeProcessingInitializeOnLoad (72ms)
				ProcessInitializeOnLoadAttributes (285ms)
				ProcessInitializeOnLoadMethodAttributes (201ms)
				AfterProcessingInitializeOnLoad (9ms)
				EditorAssembliesLoaded (0ms)
			ExecutionOrderSort2 (0ms)
			AwakeInstancesAfterBackupRestoration (9ms)
Platform modules already initialized, skipping
Refreshing native plugins compatible for Editor in 5.88 ms, found 2 plugins.
Preloading 0 native plugins for Editor in 0.00 ms.
Unloading 2433 Unused Serialized files (Serialized files now loaded: 0)
Unloading 67 unused Assets / (25.7 KB). Loaded Objects now: 2932.
Memory consumption went from 96.5 MB to 96.5 MB.
Total: 6.703800 ms (FindLiveObjects: 0.208200 ms CreateObjectMapping: 0.133800 ms MarkObjects: 6.307700 ms  DeleteObjects: 0.052900 ms)

AssetImportParameters requested are different than current active one (requested -> active):
  custom:video-decoder-ogg-theora: a1e56fd34408186e4bbccfd4996cb3dc -> 
  custom:container-muxer-webm: aa71ff27fc2769a1b78a27578f13a17b -> 
  custom:container-demuxer-webm: 4f35f7cbe854078d1ac9338744f61a02 -> 
  custom:video-encoder-webm-vp8: eb34c28f22e8b96e1ab97ce403110664 -> 
  custom:video-codec-MediaFoundation-h265: 746d11721c4dcdbdad8f713fa42b33f4 -> 
  custom:audio-encoder-webm-vorbis: bf7c407c2cedff20999df2af8eb42d56 -> 
  custom:framework-win-MediaFoundation: 216162199b28c13a410421893ffa2e32 -> 
  custom:container-demuxer-ogg: 62fdf1f143b41e24485cea50d1cbac27 -> 
  custom:video-decoder-webm-vp8: 9c59270c3fd7afecdb556c50c9e8de78 -> 
  custom:audio-decoder-ogg-vorbis: bf7c407c2cedff20999df2af8eb42d56 -> 
========================================================================
Received Prepare
Registering precompiled user dll's ...
Registered in 0.008226 seconds.
Begin MonoManager ReloadAssembly
Native extension for WindowsStandalone target not found
Native extension for WebGL target not found
Refreshing native plugins compatible for Editor in 1.09 ms, found 4 plugins.
Preloading 0 native plugins for Editor in 0.00 ms.
Mono: successfully reloaded assembly
- Completed reload, in  1.038 seconds
Domain Reload Profiling:
	ReloadAssembly (1039ms)
		BeginReloadAssembly (122ms)
			ExecutionOrderSort (0ms)
			DisableScriptedObjects (7ms)
			BackupInstance (0ms)
			ReleaseScriptingObjects (0ms)
			CreateAndSetChildDomain (34ms)
		EndReloadAssembly (814ms)
			LoadAssemblies (71ms)
			RebuildTransferFunctionScriptingTraits (0ms)
			SetupTypeCache (206ms)
			ReleaseScriptCaches (1ms)
			RebuildScriptCaches (44ms)
			SetupLoadedEditorAssemblies (449ms)
				LogAssemblyErrors (0ms)
				InitializePlatformSupportModulesInManaged (14ms)
				SetLoadedEditorAssemblies (1ms)
				RefreshPlugins (1ms)
				BeforeProcessingInitializeOnLoad (56ms)
				ProcessInitializeOnLoadAttributes (232ms)
				ProcessInitializeOnLoadMethodAttributes (138ms)
				AfterProcessingInitializeOnLoad (6ms)
				EditorAssembliesLoaded (0ms)
			ExecutionOrderSort2 (0ms)
			AwakeInstancesAfterBackupRestoration (6ms)
Platform modules already initialized, skipping
Refreshing native plugins compatible for Editor in 4.45 ms, found 4 plugins.
Preloading 0 native plugins for Editor in 0.00 ms.
Unloading 2574 Unused Serialized files (Serialized files now loaded: 0)
Unloading 77 unused Assets / (279.6 KB). Loaded Objects now: 3066.
Memory consumption went from 101.2 MB to 100.9 MB.
Total: 5.481400 ms (FindLiveObjects: 0.196400 ms CreateObjectMapping: 0.112600 ms MarkObjects: 5.005900 ms  DeleteObjects: 0.165600 ms)

AssetImportParameters requested are different than current active one (requested -> active):
  custom:video-decoder-ogg-theora: a1e56fd34408186e4bbccfd4996cb3dc -> 
  custom:container-muxer-webm: aa71ff27fc2769a1b78a27578f13a17b -> 
  custom:container-demuxer-webm: 4f35f7cbe854078d1ac9338744f61a02 -> 
  custom:video-encoder-webm-vp8: eb34c28f22e8b96e1ab97ce403110664 -> 
  custom:video-codec-MediaFoundation-h265: 746d11721c4dcdbdad8f713fa42b33f4 -> 
  custom:audio-encoder-webm-vorbis: bf7c407c2cedff20999df2af8eb42d56 -> 
  custom:framework-win-MediaFoundation: 216162199b28c13a410421893ffa2e32 -> 
  custom:container-demuxer-ogg: 62fdf1f143b41e24485cea50d1cbac27 -> 
  custom:video-decoder-webm-vp8: 9c59270c3fd7afecdb556c50c9e8de78 -> 
  custom:audio-decoder-ogg-vorbis: bf7c407c2cedff20999df2af8eb42d56 -> 
========================================================================
Received Prepare
Registering precompiled user dll's ...
Registered in 0.002838 seconds.
Begin MonoManager ReloadAssembly
Native extension for WindowsStandalone target not found
Native extension for WebGL target not found
Refreshing native plugins compatible for Editor in 1.22 ms, found 4 plugins.
Preloading 0 native plugins for Editor in 0.00 ms.
Mono: successfully reloaded assembly
- Completed reload, in  1.169 seconds
Domain Reload Profiling:
	ReloadAssembly (1170ms)
		BeginReloadAssembly (121ms)
			ExecutionOrderSort (0ms)
			DisableScriptedObjects (7ms)
			BackupInstance (0ms)
			ReleaseScriptingObjects (0ms)
			CreateAndSetChildDomain (34ms)
		EndReloadAssembly (938ms)
			LoadAssemblies (69ms)
			RebuildTransferFunctionScriptingTraits (0ms)
			SetupTypeCache (235ms)
			ReleaseScriptCaches (1ms)
			RebuildScriptCaches (64ms)
			SetupLoadedEditorAssemblies (501ms)
				LogAssemblyErrors (0ms)
				InitializePlatformSupportModulesInManaged (20ms)
				SetLoadedEditorAssemblies (1ms)
				RefreshPlugins (1ms)
				BeforeProcessingInitializeOnLoad (78ms)
				ProcessInitializeOnLoadAttributes (226ms)
				ProcessInitializeOnLoadMethodAttributes (168ms)
				AfterProcessingInitializeOnLoad (7ms)
				EditorAssembliesLoaded (0ms)
			ExecutionOrderSort2 (0ms)
			AwakeInstancesAfterBackupRestoration (7ms)
Platform modules already initialized, skipping
Refreshing native plugins compatible for Editor in 5.01 ms, found 4 plugins.
Preloading 0 native plugins for Editor in 0.00 ms.
Unloading 2574 Unused Serialized files (Serialized files now loaded: 0)
Unloading 77 unused Assets / (279.5 KB). Loaded Objects now: 3069.
Memory consumption went from 101.2 MB to 100.9 MB.
Total: 6.627500 ms (FindLiveObjects: 0.222000 ms CreateObjectMapping: 0.131800 ms MarkObjects: 6.023800 ms  DeleteObjects: 0.248700 ms)

AssetImportParameters requested are different than current active one (requested -> active):
  custom:video-decoder-ogg-theora: a1e56fd34408186e4bbccfd4996cb3dc -> 
  custom:container-muxer-webm: aa71ff27fc2769a1b78a27578f13a17b -> 
  custom:container-demuxer-webm: 4f35f7cbe854078d1ac9338744f61a02 -> 
  custom:video-encoder-webm-vp8: eb34c28f22e8b96e1ab97ce403110664 -> 
  custom:video-codec-MediaFoundation-h265: 746d11721c4dcdbdad8f713fa42b33f4 -> 
  custom:audio-encoder-webm-vorbis: bf7c407c2cedff20999df2af8eb42d56 -> 
  custom:framework-win-MediaFoundation: 216162199b28c13a410421893ffa2e32 -> 
  custom:container-demuxer-ogg: 62fdf1f143b41e24485cea50d1cbac27 -> 
  custom:video-decoder-webm-vp8: 9c59270c3fd7afecdb556c50c9e8de78 -> 
  custom:audio-decoder-ogg-vorbis: bf7c407c2cedff20999df2af8eb42d56 -> 
========================================================================
Received Prepare
Registering precompiled user dll's ...
Registered in 0.003985 seconds.
Begin MonoManager ReloadAssembly
Native extension for WindowsStandalone target not found
Native extension for WebGL target not found
Refreshing native plugins compatible for Editor in 0.80 ms, found 4 plugins.
Preloading 0 native plugins for Editor in 0.00 ms.
Mono: successfully reloaded assembly
- Completed reload, in  1.143 seconds
Domain Reload Profiling:
	ReloadAssembly (1144ms)
		BeginReloadAssembly (130ms)
			ExecutionOrderSort (0ms)
			DisableScriptedObjects (7ms)
			BackupInstance (0ms)
			ReleaseScriptingObjects (0ms)
			CreateAndSetChildDomain (33ms)
		EndReloadAssembly (882ms)
			LoadAssemblies (82ms)
			RebuildTransferFunctionScriptingTraits (0ms)
			SetupTypeCache (204ms)
			ReleaseScriptCaches (1ms)
			RebuildScriptCaches (46ms)
			SetupLoadedEditorAssemblies (502ms)
				LogAssemblyErrors (0ms)
				InitializePlatformSupportModulesInManaged (12ms)
				SetLoadedEditorAssemblies (0ms)
				RefreshPlugins (1ms)
				BeforeProcessingInitializeOnLoad (62ms)
				ProcessInitializeOnLoadAttributes (248ms)
				ProcessInitializeOnLoadMethodAttributes (172ms)
				AfterProcessingInitializeOnLoad (7ms)
				EditorAssembliesLoaded (0ms)
			ExecutionOrderSort2 (0ms)
			AwakeInstancesAfterBackupRestoration (7ms)
Platform modules already initialized, skipping
Refreshing native plugins compatible for Editor in 4.72 ms, found 4 plugins.
Preloading 0 native plugins for Editor in 0.00 ms.
Unloading 2574 Unused Serialized files (Serialized files now loaded: 0)
Unloading 77 unused Assets / (279.4 KB). Loaded Objects now: 3072.
Memory consumption went from 101.2 MB to 100.9 MB.
Total: 6.418600 ms (FindLiveObjects: 0.234200 ms CreateObjectMapping: 0.137800 ms MarkObjects: 5.850100 ms  DeleteObjects: 0.195400 ms)

AssetImportParameters requested are different than current active one (requested -> active):
  custom:video-decoder-ogg-theora: a1e56fd34408186e4bbccfd4996cb3dc -> 
  custom:container-muxer-webm: aa71ff27fc2769a1b78a27578f13a17b -> 
  custom:container-demuxer-webm: 4f35f7cbe854078d1ac9338744f61a02 -> 
  custom:video-encoder-webm-vp8: eb34c28f22e8b96e1ab97ce403110664 -> 
  custom:video-codec-MediaFoundation-h265: 746d11721c4dcdbdad8f713fa42b33f4 -> 
  custom:audio-encoder-webm-vorbis: bf7c407c2cedff20999df2af8eb42d56 -> 
  custom:framework-win-MediaFoundation: 216162199b28c13a410421893ffa2e32 -> 
  custom:container-demuxer-ogg: 62fdf1f143b41e24485cea50d1cbac27 -> 
  custom:video-decoder-webm-vp8: 9c59270c3fd7afecdb556c50c9e8de78 -> 
  custom:audio-decoder-ogg-vorbis: bf7c407c2cedff20999df2af8eb42d56 -> 
========================================================================
Received Prepare
Registering precompiled user dll's ...
Registered in 0.002956 seconds.
Begin MonoManager ReloadAssembly
Native extension for WindowsStandalone target not found
Native extension for WebGL target not found
Refreshing native plugins compatible for Editor in 1.11 ms, found 4 plugins.
Preloading 0 native plugins for Editor in 0.00 ms.
Mono: successfully reloaded assembly
- Completed reload, in  1.200 seconds
Domain Reload Profiling:
	ReloadAssembly (1201ms)
		BeginReloadAssembly (125ms)
			ExecutionOrderSort (0ms)
			DisableScriptedObjects (7ms)
			BackupInstance (0ms)
			ReleaseScriptingObjects (0ms)
			CreateAndSetChildDomain (30ms)
		EndReloadAssembly (968ms)
			LoadAssemblies (81ms)
			RebuildTransferFunctionScriptingTraits (0ms)
			SetupTypeCache (262ms)
			ReleaseScriptCaches (1ms)
			RebuildScriptCaches (60ms)
			SetupLoadedEditorAssemblies (506ms)
				LogAssemblyErrors (0ms)
				InitializePlatformSupportModulesInManaged (16ms)
				SetLoadedEditorAssemblies (1ms)
				RefreshPlugins (1ms)
				BeforeProcessingInitializeOnLoad (64ms)
				ProcessInitializeOnLoadAttributes (241ms)
				ProcessInitializeOnLoadMethodAttributes (171ms)
				AfterProcessingInitializeOnLoad (11ms)
				EditorAssembliesLoaded (0ms)
			ExecutionOrderSort2 (0ms)
			AwakeInstancesAfterBackupRestoration (7ms)
Platform modules already initialized, skipping
Refreshing native plugins compatible for Editor in 4.93 ms, found 4 plugins.
Preloading 0 native plugins for Editor in 0.00 ms.
Unloading 2574 Unused Serialized files (Serialized files now loaded: 0)
Unloading 77 unused Assets / (279.4 KB). Loaded Objects now: 3075.
Memory consumption went from 101.2 MB to 100.9 MB.
Total: 6.146500 ms (FindLiveObjects: 0.203300 ms CreateObjectMapping: 0.130900 ms MarkObjects: 5.601700 ms  DeleteObjects: 0.209100 ms)

AssetImportParameters requested are different than current active one (requested -> active):
  custom:video-decoder-ogg-theora: a1e56fd34408186e4bbccfd4996cb3dc -> 
  custom:container-muxer-webm: aa71ff27fc2769a1b78a27578f13a17b -> 
  custom:container-demuxer-webm: 4f35f7cbe854078d1ac9338744f61a02 -> 
  custom:video-encoder-webm-vp8: eb34c28f22e8b96e1ab97ce403110664 -> 
  custom:video-codec-MediaFoundation-h265: 746d11721c4dcdbdad8f713fa42b33f4 -> 
  custom:audio-encoder-webm-vorbis: bf7c407c2cedff20999df2af8eb42d56 -> 
  custom:framework-win-MediaFoundation: 216162199b28c13a410421893ffa2e32 -> 
  custom:container-demuxer-ogg: 62fdf1f143b41e24485cea50d1cbac27 -> 
  custom:video-decoder-webm-vp8: 9c59270c3fd7afecdb556c50c9e8de78 -> 
  custom:audio-decoder-ogg-vorbis: bf7c407c2cedff20999df2af8eb42d56 -> 
========================================================================
Received Prepare
Registering precompiled user dll's ...
Registered in 0.002585 seconds.
Begin MonoManager ReloadAssembly
Native extension for WindowsStandalone target not found
Native extension for WebGL target not found
Refreshing native plugins compatible for Editor in 1.58 ms, found 4 plugins.
Preloading 0 native plugins for Editor in 0.00 ms.
Mono: successfully reloaded assembly
- Completed reload, in  1.123 seconds
Domain Reload Profiling:
	ReloadAssembly (1123ms)
		BeginReloadAssembly (129ms)
			ExecutionOrderSort (0ms)
			DisableScriptedObjects (7ms)
			BackupInstance (0ms)
			ReleaseScriptingObjects (0ms)
			CreateAndSetChildDomain (33ms)
		EndReloadAssembly (891ms)
			LoadAssemblies (77ms)
			RebuildTransferFunctionScriptingTraits (0ms)
			SetupTypeCache (188ms)
			ReleaseScriptCaches (1ms)
			RebuildScriptCaches (41ms)
			SetupLoadedEditorAssemblies (543ms)
				LogAssemblyErrors (0ms)
				InitializePlatformSupportModulesInManaged (17ms)
				SetLoadedEditorAssemblies (1ms)
				RefreshPlugins (2ms)
				BeforeProcessingInitializeOnLoad (61ms)
				ProcessInitializeOnLoadAttributes (288ms)
				ProcessInitializeOnLoadMethodAttributes (167ms)
				AfterProcessingInitializeOnLoad (8ms)
				EditorAssembliesLoaded (0ms)
			ExecutionOrderSort2 (0ms)
			AwakeInstancesAfterBackupRestoration (8ms)
Platform modules already initialized, skipping
Refreshing native plugins compatible for Editor in 5.09 ms, found 4 plugins.
Preloading 0 native plugins for Editor in 0.00 ms.
Unloading 2574 Unused Serialized files (Serialized files now loaded: 0)
Unloading 77 unused Assets / (279.5 KB). Loaded Objects now: 3078.
Memory consumption went from 101.2 MB to 100.9 MB.
Total: 8.531300 ms (FindLiveObjects: 0.208300 ms CreateObjectMapping: 0.132300 ms MarkObjects: 7.990700 ms  DeleteObjects: 0.198800 ms)

AssetImportParameters requested are different than current active one (requested -> active):
  custom:video-decoder-ogg-theora: a1e56fd34408186e4bbccfd4996cb3dc -> 
  custom:container-muxer-webm: aa71ff27fc2769a1b78a27578f13a17b -> 
  custom:container-demuxer-webm: 4f35f7cbe854078d1ac9338744f61a02 -> 
  custom:video-encoder-webm-vp8: eb34c28f22e8b96e1ab97ce403110664 -> 
  custom:video-codec-MediaFoundation-h265: 746d11721c4dcdbdad8f713fa42b33f4 -> 
  custom:audio-encoder-webm-vorbis: bf7c407c2cedff20999df2af8eb42d56 -> 
  custom:framework-win-MediaFoundation: 216162199b28c13a410421893ffa2e32 -> 
  custom:container-demuxer-ogg: 62fdf1f143b41e24485cea50d1cbac27 -> 
  custom:video-decoder-webm-vp8: 9c59270c3fd7afecdb556c50c9e8de78 -> 
  custom:audio-decoder-ogg-vorbis: bf7c407c2cedff20999df2af8eb42d56 -> 
========================================================================
Received Prepare
Registering precompiled user dll's ...
Registered in 0.002600 seconds.
Begin MonoManager ReloadAssembly
Native extension for WindowsStandalone target not found
Native extension for WebGL target not found
Refreshing native plugins compatible for Editor in 1.43 ms, found 4 plugins.
Preloading 0 native plugins for Editor in 0.00 ms.
Mono: successfully reloaded assembly
- Completed reload, in  1.174 seconds
Domain Reload Profiling:
	ReloadAssembly (1175ms)
		BeginReloadAssembly (118ms)
			ExecutionOrderSort (0ms)
			DisableScriptedObjects (6ms)
			BackupInstance (0ms)
			ReleaseScriptingObjects (0ms)
			CreateAndSetChildDomain (31ms)
		EndReloadAssembly (936ms)
			LoadAssemblies (74ms)
			RebuildTransferFunctionScriptingTraits (0ms)
			SetupTypeCache (233ms)
			ReleaseScriptCaches (2ms)
			RebuildScriptCaches (57ms)
			SetupLoadedEditorAssemblies (520ms)
				LogAssemblyErrors (0ms)
				InitializePlatformSupportModulesInManaged (17ms)
				SetLoadedEditorAssemblies (1ms)
				RefreshPlugins (2ms)
				BeforeProcessingInitializeOnLoad (81ms)
				ProcessInitializeOnLoadAttributes (248ms)
				ProcessInitializeOnLoadMethodAttributes (165ms)
				AfterProcessingInitializeOnLoad (8ms)
				EditorAssembliesLoaded (0ms)
			ExecutionOrderSort2 (0ms)
			AwakeInstancesAfterBackupRestoration (8ms)
Platform modules already initialized, skipping
Refreshing native plugins compatible for Editor in 5.59 ms, found 4 plugins.
Preloading 0 native plugins for Editor in 0.00 ms.
Unloading 2574 Unused Serialized files (Serialized files now loaded: 0)
Unloading 77 unused Assets / (279.6 KB). Loaded Objects now: 3081.
Memory consumption went from 101.3 MB to 101.0 MB.
Total: 7.799600 ms (FindLiveObjects: 0.207400 ms CreateObjectMapping: 0.139100 ms MarkObjects: 7.233200 ms  DeleteObjects: 0.218800 ms)

AssetImportParameters requested are different than current active one (requested -> active):
  custom:video-decoder-ogg-theora: a1e56fd34408186e4bbccfd4996cb3dc -> 
  custom:container-muxer-webm: aa71ff27fc2769a1b78a27578f13a17b -> 
  custom:container-demuxer-webm: 4f35f7cbe854078d1ac9338744f61a02 -> 
  custom:video-encoder-webm-vp8: eb34c28f22e8b96e1ab97ce403110664 -> 
  custom:video-codec-MediaFoundation-h265: 746d11721c4dcdbdad8f713fa42b33f4 -> 
  custom:audio-encoder-webm-vorbis: bf7c407c2cedff20999df2af8eb42d56 -> 
  custom:framework-win-MediaFoundation: 216162199b28c13a410421893ffa2e32 -> 
  custom:container-demuxer-ogg: 62fdf1f143b41e24485cea50d1cbac27 -> 
  custom:video-decoder-webm-vp8: 9c59270c3fd7afecdb556c50c9e8de78 -> 
  custom:audio-decoder-ogg-vorbis: bf7c407c2cedff20999df2af8eb42d56 -> 
========================================================================
Received Prepare
Registering precompiled user dll's ...
Registered in 0.003088 seconds.
Begin MonoManager ReloadAssembly
Native extension for WindowsStandalone target not found
Native extension for WebGL target not found
Refreshing native plugins compatible for Editor in 1.28 ms, found 4 plugins.
Preloading 0 native plugins for Editor in 0.00 ms.
Mono: successfully reloaded assembly
- Completed reload, in  1.319 seconds
Domain Reload Profiling:
	ReloadAssembly (1320ms)
		BeginReloadAssembly (127ms)
			ExecutionOrderSort (0ms)
			DisableScriptedObjects (8ms)
			BackupInstance (0ms)
			ReleaseScriptingObjects (0ms)
			CreateAndSetChildDomain (34ms)
		EndReloadAssembly (1087ms)
			LoadAssemblies (77ms)
			RebuildTransferFunctionScriptingTraits (0ms)
			SetupTypeCache (213ms)
			ReleaseScriptCaches (1ms)
			RebuildScriptCaches (53ms)
			SetupLoadedEditorAssemblies (676ms)
				LogAssemblyErrors (0ms)
				InitializePlatformSupportModulesInManaged (24ms)
				SetLoadedEditorAssemblies (1ms)
				RefreshPlugins (1ms)
				BeforeProcessingInitializeOnLoad (78ms)
				ProcessInitializeOnLoadAttributes (390ms)
				ProcessInitializeOnLoadMethodAttributes (172ms)
				AfterProcessingInitializeOnLoad (10ms)
				EditorAssembliesLoaded (0ms)
			ExecutionOrderSort2 (0ms)
			AwakeInstancesAfterBackupRestoration (7ms)
Platform modules already initialized, skipping
Refreshing native plugins compatible for Editor in 10.18 ms, found 4 plugins.
Preloading 0 native plugins for Editor in 0.00 ms.
Unloading 2574 Unused Serialized files (Serialized files now loaded: 0)
Unloading 77 unused Assets / (279.6 KB). Loaded Objects now: 3084.
Memory consumption went from 101.3 MB to 101.1 MB.
Total: 5.624700 ms (FindLiveObjects: 0.209800 ms CreateObjectMapping: 0.125400 ms MarkObjects: 5.115000 ms  DeleteObjects: 0.173300 ms)

AssetImportParameters requested are different than current active one (requested -> active):
  custom:video-decoder-ogg-theora: a1e56fd34408186e4bbccfd4996cb3dc -> 
  custom:container-muxer-webm: aa71ff27fc2769a1b78a27578f13a17b -> 
  custom:container-demuxer-webm: 4f35f7cbe854078d1ac9338744f61a02 -> 
  custom:video-encoder-webm-vp8: eb34c28f22e8b96e1ab97ce403110664 -> 
  custom:video-codec-MediaFoundation-h265: 746d11721c4dcdbdad8f713fa42b33f4 -> 
  custom:audio-encoder-webm-vorbis: bf7c407c2cedff20999df2af8eb42d56 -> 
  custom:framework-win-MediaFoundation: 216162199b28c13a410421893ffa2e32 -> 
  custom:container-demuxer-ogg: 62fdf1f143b41e24485cea50d1cbac27 -> 
  custom:video-decoder-webm-vp8: 9c59270c3fd7afecdb556c50c9e8de78 -> 
  custom:audio-decoder-ogg-vorbis: bf7c407c2cedff20999df2af8eb42d56 -> 
