Using pre-set license
Built from '2021.3/staging' branch; Version is '2021.3.8f1 (b30333d56e81) revision 11731763'; Using compiler version '192829333'; Build Type 'Release'
OS: 'Windows 11  (10.0.22000) 64bit CoreSingleLanguage' Language: 'en' Physical Memory: 16221 MB
BatchMode: 1, IsHumanControllingUs: 0, StartBugReporterOnCrash: 0, Is64bit: 1, IsPro: 1

COMMAND LINE ARGUMENTS:
C:\Program Files\Unity\Hub\Editor\2021.3.8f1\Editor\Unity.exe
-adb2
-batchMode
-noUpm
-name
AssetImportWorker0
-projectPath
D:/Unity/SnakeAndLadderUnity-master
-logFile
Logs/AssetImportWorker0.log
-srvPort
55561
Successfully changed project path to: D:/Unity/SnakeAndLadderUnity-master
D:/Unity/SnakeAndLadderUnity-master
[UnityMemory] Configuration Parameters - Can be set up in boot.config
    "memorysetup-bucket-allocator-granularity=16"
    "memorysetup-bucket-allocator-bucket-count=8"
    "memorysetup-bucket-allocator-block-size=33554432"
    "memorysetup-bucket-allocator-block-count=8"
    "memorysetup-main-allocator-block-size=16777216"
    "memorysetup-thread-allocator-block-size=16777216"
    "memorysetup-gfx-main-allocator-block-size=16777216"
    "memorysetup-gfx-thread-allocator-block-size=16777216"
    "memorysetup-cache-allocator-block-size=4194304"
    "memorysetup-typetree-allocator-block-size=2097152"
    "memorysetup-profiler-bucket-allocator-granularity=16"
    "memorysetup-profiler-bucket-allocator-bucket-count=8"
    "memorysetup-profiler-bucket-allocator-block-size=33554432"
    "memorysetup-profiler-bucket-allocator-block-count=8"
    "memorysetup-profiler-allocator-block-size=16777216"
    "memorysetup-profiler-editor-allocator-block-size=1048576"
    "memorysetup-temp-allocator-size-main=16777216"
    "memorysetup-job-temp-allocator-block-size=2097152"
    "memorysetup-job-temp-allocator-block-size-background=1048576"
    "memorysetup-job-temp-allocator-reduction-small-platforms=262144"
    "memorysetup-temp-allocator-size-background-worker=32768"
    "memorysetup-temp-allocator-size-job-worker=262144"
    "memorysetup-temp-allocator-size-preload-manager=33554432"
    "memorysetup-temp-allocator-size-nav-mesh-worker=65536"
    "memorysetup-temp-allocator-size-audio-worker=65536"
    "memorysetup-temp-allocator-size-cloud-worker=32768"
    "memorysetup-temp-allocator-size-gi-baking-worker=262144"
    "memorysetup-temp-allocator-size-gfx=262144"
Refreshing native plugins compatible for Editor in 87.89 ms, found 2 plugins.
Preloading 0 native plugins for Editor in 0.00 ms.
Initialize engine version: 2021.3.8f1 (b30333d56e81)
[Subsystems] Discovering subsystems at path C:/Program Files/Unity/Hub/Editor/2021.3.8f1/Editor/Data/Resources/UnitySubsystems
[Subsystems] Discovering subsystems at path D:/Unity/SnakeAndLadderUnity-master/Assets
GfxDevice: creating device client; threaded=0; jobified=0
Direct3D:
    Version:  Direct3D 11.0 [level 11.1]
    Renderer: NVIDIA GeForce GTX 1650 (ID=0x1f99)
    Vendor:   NVIDIA
    VRAM:     3962 MB
    Driver:   31.0.15.1694
Initialize mono
Mono path[0] = 'C:/Program Files/Unity/Hub/Editor/2021.3.8f1/Editor/Data/Managed'
Mono path[1] = 'C:/Program Files/Unity/Hub/Editor/2021.3.8f1/Editor/Data/MonoBleedingEdge/lib/mono/unityjit-win32'
Mono config path = 'C:/Program Files/Unity/Hub/Editor/2021.3.8f1/Editor/Data/MonoBleedingEdge/etc'
Using monoOptions --debugger-agent=transport=dt_socket,embedding=1,server=y,suspend=n,address=127.0.0.1:56392
Begin MonoManager ReloadAssembly
Registering precompiled unity dll's ...
Register platform support module: C:/Program Files/Unity/Hub/Editor/2021.3.8f1/Editor/Data/PlaybackEngines/WebGLSupport/UnityEditor.WebGL.Extensions.dll
Register platform support module: C:/Program Files/Unity/Hub/Editor/2021.3.8f1/Editor/Data/PlaybackEngines/WindowsStandaloneSupport/UnityEditor.WindowsStandalone.Extensions.dll
Registered in 0.008017 seconds.
Native extension for WindowsStandalone target not found
Native extension for WebGL target not found
Refreshing native plugins compatible for Editor in 56.77 ms, found 2 plugins.
Preloading 0 native plugins for Editor in 0.00 ms.
Mono: successfully reloaded assembly
- Completed reload, in  1.096 seconds
Domain Reload Profiling:
	ReloadAssembly (1096ms)
		BeginReloadAssembly (359ms)
			ExecutionOrderSort (0ms)
			DisableScriptedObjects (0ms)
			BackupInstance (0ms)
			ReleaseScriptingObjects (0ms)
			CreateAndSetChildDomain (1ms)
		EndReloadAssembly (559ms)
			LoadAssemblies (354ms)
			RebuildTransferFunctionScriptingTraits (0ms)
			SetupTypeCache (159ms)
			ReleaseScriptCaches (0ms)
			RebuildScriptCaches (40ms)
			SetupLoadedEditorAssemblies (285ms)
				LogAssemblyErrors (0ms)
				InitializePlatformSupportModulesInManaged (10ms)
				SetLoadedEditorAssemblies (0ms)
				RefreshPlugins (57ms)
				BeforeProcessingInitializeOnLoad (1ms)
				ProcessInitializeOnLoadAttributes (161ms)
				ProcessInitializeOnLoadMethodAttributes (55ms)
				AfterProcessingInitializeOnLoad (0ms)
				EditorAssembliesLoaded (0ms)
			ExecutionOrderSort2 (0ms)
			AwakeInstancesAfterBackupRestoration (0ms)
Platform modules already initialized, skipping
Registering precompiled user dll's ...
Registered in 0.003092 seconds.
Begin MonoManager ReloadAssembly
Native extension for WindowsStandalone target not found
Native extension for WebGL target not found
Refreshing native plugins compatible for Editor in 1.30 ms, found 2 plugins.
Preloading 0 native plugins for Editor in 0.00 ms.
Package Manager log level set to [2]
Mono: successfully reloaded assembly
- Completed reload, in  1.904 seconds
Domain Reload Profiling:
	ReloadAssembly (1909ms)
		BeginReloadAssembly (271ms)
			ExecutionOrderSort (0ms)
			DisableScriptedObjects (40ms)
			BackupInstance (0ms)
			ReleaseScriptingObjects (0ms)
			CreateAndSetChildDomain (41ms)
		EndReloadAssembly (1407ms)
			LoadAssemblies (151ms)
			RebuildTransferFunctionScriptingTraits (0ms)
			SetupTypeCache (380ms)
			ReleaseScriptCaches (1ms)
			RebuildScriptCaches (86ms)
			SetupLoadedEditorAssemblies (749ms)
				LogAssemblyErrors (0ms)
				InitializePlatformSupportModulesInManaged (10ms)
				SetLoadedEditorAssemblies (1ms)
				RefreshPlugins (1ms)
				BeforeProcessingInitializeOnLoad (111ms)
				ProcessInitializeOnLoadAttributes (363ms)
				ProcessInitializeOnLoadMethodAttributes (251ms)
				AfterProcessingInitializeOnLoad (11ms)
				EditorAssembliesLoaded (1ms)
			ExecutionOrderSort2 (0ms)
			AwakeInstancesAfterBackupRestoration (9ms)
Platform modules already initialized, skipping
========================================================================
Worker process is ready to serve import requests
Launched and connected shader compiler UnityShaderCompiler.exe after 0.05 seconds
Refreshing native plugins compatible for Editor in 1.03 ms, found 2 plugins.
Preloading 0 native plugins for Editor in 0.00 ms.
Unloading 2439 Unused Serialized files (Serialized files now loaded: 0)
Unloading 78 unused Assets / (56.3 KB). Loaded Objects now: 2857.
Memory consumption went from 92.9 MB to 92.9 MB.
Total: 9.170300 ms (FindLiveObjects: 0.311000 ms CreateObjectMapping: 0.228300 ms MarkObjects: 8.463100 ms  DeleteObjects: 0.165800 ms)

AssetImportParameters requested are different than current active one (requested -> active):
  custom:video-decoder-ogg-theora: a1e56fd34408186e4bbccfd4996cb3dc -> 
  custom:container-muxer-webm: aa71ff27fc2769a1b78a27578f13a17b -> 
  custom:container-demuxer-webm: 4f35f7cbe854078d1ac9338744f61a02 -> 
  custom:video-encoder-webm-vp8: eb34c28f22e8b96e1ab97ce403110664 -> 
  custom:video-codec-MediaFoundation-h265: 746d11721c4dcdbdad8f713fa42b33f4 -> 
  custom:audio-encoder-webm-vorbis: bf7c407c2cedff20999df2af8eb42d56 -> 
  custom:framework-win-MediaFoundation: 216162199b28c13a410421893ffa2e32 -> 
  custom:container-demuxer-ogg: 62fdf1f143b41e24485cea50d1cbac27 -> 
  custom:video-decoder-webm-vp8: 9c59270c3fd7afecdb556c50c9e8de78 -> 
  custom:audio-decoder-ogg-vorbis: bf7c407c2cedff20999df2af8eb42d56 -> 
========================================================================
Received Import Request.
  Time since last request: 654416.044639 seconds.
  path: Assets/Plugins/Android/GoogleMobileAdsPlugin/libs
  artifactKey: Guid(78a29a42a48cc4ccaa2e08973ad3de8b) Importer(815301076,1909f56bfc062723c751e8b465ee728b)
Start importing Assets/Plugins/Android/GoogleMobileAdsPlugin/libs using Guid(78a29a42a48cc4ccaa2e08973ad3de8b) Importer(815301076,1909f56bfc062723c751e8b465ee728b)  -> (artifact id: '4f6be89ef6c09ea4611fc0158df1ed3e') in 0.014334 seconds 
========================================================================
Received Import Request.
  Time since last request: 0.000080 seconds.
  path: Assets/Plugins/Android/GoogleMobileAdsPlugin/project.properties
  artifactKey: Guid(1d06ef613dfec4baa88b56aeef69cd9c) Importer(815301076,1909f56bfc062723c751e8b465ee728b)
Start importing Assets/Plugins/Android/GoogleMobileAdsPlugin/project.properties using Guid(1d06ef613dfec4baa88b56aeef69cd9c) Importer(815301076,1909f56bfc062723c751e8b465ee728b)  -> (artifact id: '38169002d4ec54be750e80667a3fb4e3') in 0.056266 seconds 
========================================================================
Received Import Request.
  Time since last request: 5.195085 seconds.
  path: Assets/Ultimate GUI Kit/readme.pdf
  artifactKey: Guid(510e5142719114c47871ef3e443db564) Importer(815301076,1909f56bfc062723c751e8b465ee728b)
Start importing Assets/Ultimate GUI Kit/readme.pdf using Guid(510e5142719114c47871ef3e443db564) Importer(815301076,1909f56bfc062723c751e8b465ee728b)  -> (artifact id: 'b1b122f953f1546ea6a345f7f3e26dce') in 0.012173 seconds 
========================================================================
Received Import Request.
  Time since last request: 23.078981 seconds.
  path: Assets/Ultimate GUI Kit/GUI assets
  artifactKey: Guid(12dddc9e2ccdb354598f859d946a0c35) Importer(815301076,1909f56bfc062723c751e8b465ee728b)
Start importing Assets/Ultimate GUI Kit/GUI assets using Guid(12dddc9e2ccdb354598f859d946a0c35) Importer(815301076,1909f56bfc062723c751e8b465ee728b)  -> (artifact id: '35b6886fe0fe18514d58db7ada52771b') in 0.006280 seconds 
========================================================================
Received Import Request.
  Time since last request: 0.048192 seconds.
  path: Assets/Ultimate GUI Kit/GUI assets/Background 1.png
  artifactKey: Guid(6bfeebdb37af25c44b36b085c6b436cf) Importer(815301076,1909f56bfc062723c751e8b465ee728b)
Start importing Assets/Ultimate GUI Kit/GUI assets/Background 1.png using Guid(6bfeebdb37af25c44b36b085c6b436cf) Importer(815301076,1909f56bfc062723c751e8b465ee728b)  -> (artifact id: '57f56ca0685d7dbc7f1b3c0c40fd1f0f') in 0.195901 seconds 
========================================================================
Received Import Request.
  Time since last request: 0.000023 seconds.
  path: Assets/Ultimate GUI Kit/GUI assets/Background_game 1.png
  artifactKey: Guid(0ccee51b3e9d7de46805452f9eaaed0f) Importer(815301076,1909f56bfc062723c751e8b465ee728b)
Start importing Assets/Ultimate GUI Kit/GUI assets/Background_game 1.png using Guid(0ccee51b3e9d7de46805452f9eaaed0f) Importer(815301076,1909f56bfc062723c751e8b465ee728b)  -> (artifact id: 'a9612e35d768a7c7748caba839bc9d83') in 0.081478 seconds 
========================================================================
Received Import Request.
  Time since last request: 0.000030 seconds.
  path: Assets/Ultimate GUI Kit/GUI assets/Progress.png
  artifactKey: Guid(64542c18da7158947a0f281349543372) Importer(815301076,1909f56bfc062723c751e8b465ee728b)
Start importing Assets/Ultimate GUI Kit/GUI assets/Progress.png using Guid(64542c18da7158947a0f281349543372) Importer(815301076,1909f56bfc062723c751e8b465ee728b)  -> (artifact id: '3b3c920bb0c7f34eaca337010595f369') in 0.020568 seconds 
========================================================================
Received Import Request.
  Time since last request: 0.000021 seconds.
  path: Assets/Ultimate GUI Kit/GUI assets/Play_Main_Menu.png
  artifactKey: Guid(166d3bdfa44e63b4aaca31e76f6de2d4) Importer(815301076,1909f56bfc062723c751e8b465ee728b)
Start importing Assets/Ultimate GUI Kit/GUI assets/Play_Main_Menu.png using Guid(166d3bdfa44e63b4aaca31e76f6de2d4) Importer(815301076,1909f56bfc062723c751e8b465ee728b)  -> (artifact id: '0aa8924886a501187d9206cada7e9709') in 0.019937 seconds 
========================================================================
Received Import Request.
  Time since last request: 0.000020 seconds.
  path: Assets/Ultimate GUI Kit/GUI assets/ItemSmallBackground.png
  artifactKey: Guid(3af9ea9e55b54744fb98523713fddbbf) Importer(815301076,1909f56bfc062723c751e8b465ee728b)
Start importing Assets/Ultimate GUI Kit/GUI assets/ItemSmallBackground.png using Guid(3af9ea9e55b54744fb98523713fddbbf) Importer(815301076,1909f56bfc062723c751e8b465ee728b)  -> (artifact id: '6e9f51736c6cb6e5e128709d5566300f') in 0.023814 seconds 
========================================================================
Received Import Request.
  Time since last request: 0.000023 seconds.
  path: Assets/Ultimate GUI Kit/GUI assets/Obstacles_Down.png
  artifactKey: Guid(31388ab9736554647b8243027ce874b4) Importer(815301076,1909f56bfc062723c751e8b465ee728b)
Start importing Assets/Ultimate GUI Kit/GUI assets/Obstacles_Down.png using Guid(31388ab9736554647b8243027ce874b4) Importer(815301076,1909f56bfc062723c751e8b465ee728b)  -> (artifact id: '5eb59fbc6802cf49a11224e5cc55ddeb') in 0.019895 seconds 
========================================================================
Received Import Request.
  Time since last request: 0.000027 seconds.
  path: Assets/Ultimate GUI Kit/GUI assets/Obstacles_Top.png
  artifactKey: Guid(52ccab76a78985b499ceb9da5bff0b5c) Importer(815301076,1909f56bfc062723c751e8b465ee728b)
Start importing Assets/Ultimate GUI Kit/GUI assets/Obstacles_Top.png using Guid(52ccab76a78985b499ceb9da5bff0b5c) Importer(815301076,1909f56bfc062723c751e8b465ee728b)  -> (artifact id: 'ecc1411ae42b9f06ac345415a9b0013c') in 0.015971 seconds 
========================================================================
Received Import Request.
  Time since last request: 0.000033 seconds.
  path: Assets/Ultimate GUI Kit/GUI assets/Money_Background.png
  artifactKey: Guid(96eb51aad2ef7994c9c7b7254f24293b) Importer(815301076,1909f56bfc062723c751e8b465ee728b)
Start importing Assets/Ultimate GUI Kit/GUI assets/Money_Background.png using Guid(96eb51aad2ef7994c9c7b7254f24293b) Importer(815301076,1909f56bfc062723c751e8b465ee728b)  -> (artifact id: 'e24e6134b05ba4eb4e47a496924f783b') in 0.020414 seconds 
========================================================================
Received Import Request.
  Time since last request: 0.000043 seconds.
  path: Assets/Ultimate GUI Kit/GUI assets/Pause_Button.png
  artifactKey: Guid(28736ce9f77f8454f80df1a30f12ec7b) Importer(815301076,1909f56bfc062723c751e8b465ee728b)
Start importing Assets/Ultimate GUI Kit/GUI assets/Pause_Button.png using Guid(28736ce9f77f8454f80df1a30f12ec7b) Importer(815301076,1909f56bfc062723c751e8b465ee728b)  -> (artifact id: 'b27ba90da86af1ba19486f9ecba47bb9') in 0.021857 seconds 
========================================================================
Received Import Request.
  Time since last request: 0.000023 seconds.
  path: Assets/Ultimate GUI Kit/GUI assets/FirstBackground.png
  artifactKey: Guid(6a78386a86d163e458ad29b58c64af91) Importer(815301076,1909f56bfc062723c751e8b465ee728b)
Start importing Assets/Ultimate GUI Kit/GUI assets/FirstBackground.png using Guid(6a78386a86d163e458ad29b58c64af91) Importer(815301076,1909f56bfc062723c751e8b465ee728b)  -> (artifact id: '8d4de0a4141ed9324c69d425a8494b11') in 0.035972 seconds 
========================================================================
Received Import Request.
  Time since last request: 0.000034 seconds.
  path: Assets/Ultimate GUI Kit/GUI assets/Buy_Button 2.png
  artifactKey: Guid(984af3ac28d9dd44db2cb0e1a88119bd) Importer(815301076,1909f56bfc062723c751e8b465ee728b)
Start importing Assets/Ultimate GUI Kit/GUI assets/Buy_Button 2.png using Guid(984af3ac28d9dd44db2cb0e1a88119bd) Importer(815301076,1909f56bfc062723c751e8b465ee728b)  -> (artifact id: 'af5ca18aa828741f7a311033f9e98b7c') in 0.019872 seconds 
========================================================================
Received Import Request.
  Time since last request: 0.000031 seconds.
  path: Assets/Ultimate GUI Kit/GUI assets/Play_Buton.png
  artifactKey: Guid(6a2917f9fd097254bae57e67c4b6b007) Importer(815301076,1909f56bfc062723c751e8b465ee728b)
Start importing Assets/Ultimate GUI Kit/GUI assets/Play_Buton.png using Guid(6a2917f9fd097254bae57e67c4b6b007) Importer(815301076,1909f56bfc062723c751e8b465ee728b)  -> (artifact id: '8f0e2cd8cfd7be3e34a6cafd6a285bbc') in 0.020131 seconds 
========================================================================
Received Import Request.
  Time since last request: 0.000062 seconds.
  path: Assets/Ultimate GUI Kit/GUI assets/Play_Button 6.png
  artifactKey: Guid(8a2498002eaf7c546880e5f81dcd8651) Importer(815301076,1909f56bfc062723c751e8b465ee728b)
Start importing Assets/Ultimate GUI Kit/GUI assets/Play_Button 6.png using Guid(8a2498002eaf7c546880e5f81dcd8651) Importer(815301076,1909f56bfc062723c751e8b465ee728b)  -> (artifact id: 'e484f30f334a929830c085f5b463bcda') in 0.021049 seconds 
========================================================================
Received Import Request.
  Time since last request: 0.000037 seconds.
  path: Assets/Ultimate GUI Kit/GUI assets/FacebookButton.png
  artifactKey: Guid(0a13f0b6c8959404c98e541d3dc58a74) Importer(815301076,1909f56bfc062723c751e8b465ee728b)
Start importing Assets/Ultimate GUI Kit/GUI assets/FacebookButton.png using Guid(0a13f0b6c8959404c98e541d3dc58a74) Importer(815301076,1909f56bfc062723c751e8b465ee728b)  -> (artifact id: '75f5102971107864574183bbdfef0e9a') in 0.017511 seconds 
========================================================================
Received Import Request.
  Time since last request: 0.000026 seconds.
  path: Assets/Ultimate GUI Kit/GUI assets/Button.png
  artifactKey: Guid(2cab578bfe43f274bb69dae03b132dd3) Importer(815301076,1909f56bfc062723c751e8b465ee728b)
Start importing Assets/Ultimate GUI Kit/GUI assets/Button.png using Guid(2cab578bfe43f274bb69dae03b132dd3) Importer(815301076,1909f56bfc062723c751e8b465ee728b)  -> (artifact id: 'f0be3499adff7bf5109800d62b1bea1c') in 0.019152 seconds 
========================================================================
Received Import Request.
  Time since last request: 0.000046 seconds.
  path: Assets/Ultimate GUI Kit/GUI assets/Progress_XP.png
  artifactKey: Guid(21abc614a952226419eb8a4c59cfe127) Importer(815301076,1909f56bfc062723c751e8b465ee728b)
Start importing Assets/Ultimate GUI Kit/GUI assets/Progress_XP.png using Guid(21abc614a952226419eb8a4c59cfe127) Importer(815301076,1909f56bfc062723c751e8b465ee728b)  -> (artifact id: '1fbb585172b7a4fb370563db7a556965') in 0.021404 seconds 
========================================================================
Received Import Request.
  Time since last request: 0.000051 seconds.
  path: Assets/Ultimate GUI Kit/GUI assets/Plus_Button.png
  artifactKey: Guid(50d06118532d61b4c8dda9e256360475) Importer(815301076,1909f56bfc062723c751e8b465ee728b)
Start importing Assets/Ultimate GUI Kit/GUI assets/Plus_Button.png using Guid(50d06118532d61b4c8dda9e256360475) Importer(815301076,1909f56bfc062723c751e8b465ee728b)  -> (artifact id: 'b3c5c4add9710747915ee511011f3ef3') in 0.018120 seconds 
========================================================================
Received Import Request.
  Time since last request: 0.000020 seconds.
  path: Assets/Ultimate GUI Kit/GUI assets/Facebook_Connect.png
  artifactKey: Guid(026ecc3125b2bfc45a1d34de7a5d6024) Importer(815301076,1909f56bfc062723c751e8b465ee728b)
Start importing Assets/Ultimate GUI Kit/GUI assets/Facebook_Connect.png using Guid(026ecc3125b2bfc45a1d34de7a5d6024) Importer(815301076,1909f56bfc062723c751e8b465ee728b)  -> (artifact id: 'dbba64ce7973b130aaf252f9cc9582b5') in 0.019692 seconds 
========================================================================
Received Import Request.
  Time since last request: 0.000043 seconds.
  path: Assets/Ultimate GUI Kit/GUI assets/Progress2.png
  artifactKey: Guid(914106fa9a066a8448a9ffd68dbeb81d) Importer(815301076,1909f56bfc062723c751e8b465ee728b)
Start importing Assets/Ultimate GUI Kit/GUI assets/Progress2.png using Guid(914106fa9a066a8448a9ffd68dbeb81d) Importer(815301076,1909f56bfc062723c751e8b465ee728b)  -> (artifact id: '579ad1f164ff4f149329b65e320ce588') in 0.017905 seconds 
========================================================================
Received Import Request.
  Time since last request: 0.000023 seconds.
  path: Assets/Ultimate GUI Kit/GUI assets/Paused_Background.png
  artifactKey: Guid(ccbe269f6782159448526c08bfacdafc) Importer(815301076,1909f56bfc062723c751e8b465ee728b)
Start importing Assets/Ultimate GUI Kit/GUI assets/Paused_Background.png using Guid(ccbe269f6782159448526c08bfacdafc) Importer(815301076,1909f56bfc062723c751e8b465ee728b)  -> (artifact id: '674475241ac2e821a386f9233688f9ee') in 0.029101 seconds 
========================================================================
Received Import Request.
  Time since last request: 0.000029 seconds.
  path: Assets/Ultimate GUI Kit/GUI assets/crappy_bird--Obstacle 1.png
  artifactKey: Guid(1a83ac63ce7712549838110bf38b4b59) Importer(815301076,1909f56bfc062723c751e8b465ee728b)
Start importing Assets/Ultimate GUI Kit/GUI assets/crappy_bird--Obstacle 1.png using Guid(1a83ac63ce7712549838110bf38b4b59) Importer(815301076,1909f56bfc062723c751e8b465ee728b)  -> (artifact id: '6518ed1386731ed4d36c8d1a4e9bcc1e') in 0.018414 seconds 
========================================================================
Received Import Request.
  Time since last request: 0.000030 seconds.
  path: Assets/Ultimate GUI Kit/GUI assets/blue_button03.png
  artifactKey: Guid(9d28b320b606e034d8a9452458c52698) Importer(815301076,1909f56bfc062723c751e8b465ee728b)
Start importing Assets/Ultimate GUI Kit/GUI assets/blue_button03.png using Guid(9d28b320b606e034d8a9452458c52698) Importer(815301076,1909f56bfc062723c751e8b465ee728b)  -> (artifact id: '69a9e10165e5295d536f7e561b7040b5') in 0.020343 seconds 
========================================================================
Received Import Request.
  Time since last request: 0.000020 seconds.
  path: Assets/Ultimate GUI Kit/GUI assets/Purchase.png
  artifactKey: Guid(6dae59e903b2f524fbe7cbe5e5595ba8) Importer(815301076,1909f56bfc062723c751e8b465ee728b)
Start importing Assets/Ultimate GUI Kit/GUI assets/Purchase.png using Guid(6dae59e903b2f524fbe7cbe5e5595ba8) Importer(815301076,1909f56bfc062723c751e8b465ee728b)  -> (artifact id: 'f14e2ac77fecf71297b065fd7a949c64') in 0.017487 seconds 
========================================================================
Received Import Request.
  Time since last request: 0.000028 seconds.
  path: Assets/Ultimate GUI Kit/GUI assets/GridBackground.png
  artifactKey: Guid(452f7ff6006cb254a8f53fb2d67f54e1) Importer(815301076,1909f56bfc062723c751e8b465ee728b)
Start importing Assets/Ultimate GUI Kit/GUI assets/GridBackground.png using Guid(452f7ff6006cb254a8f53fb2d67f54e1) Importer(815301076,1909f56bfc062723c751e8b465ee728b)  -> (artifact id: '1863f59c54c574bac13e451b3c9ad79c') in 0.026374 seconds 
========================================================================
Received Import Request.
  Time since last request: 0.000023 seconds.
  path: Assets/Ultimate GUI Kit/GUI assets/crappy_bird--Obstacle.png
  artifactKey: Guid(3183c812a7d524a48be3356fb52761cd) Importer(815301076,1909f56bfc062723c751e8b465ee728b)
Start importing Assets/Ultimate GUI Kit/GUI assets/crappy_bird--Obstacle.png using Guid(3183c812a7d524a48be3356fb52761cd) Importer(815301076,1909f56bfc062723c751e8b465ee728b)  -> (artifact id: '895f15d4ccd66bb977a6561e58aeabfc') in 0.028967 seconds 
========================================================================
Received Import Request.
  Time since last request: 0.000023 seconds.
  path: Assets/Ultimate GUI Kit/GUI assets/Progress_Background.png
  artifactKey: Guid(daeaac03ed826fd44ae3f58c43530e3a) Importer(815301076,1909f56bfc062723c751e8b465ee728b)
Start importing Assets/Ultimate GUI Kit/GUI assets/Progress_Background.png using Guid(daeaac03ed826fd44ae3f58c43530e3a) Importer(815301076,1909f56bfc062723c751e8b465ee728b)  -> (artifact id: '5aaaba60804fc8488ff75792d0f8ec17') in 0.020303 seconds 
========================================================================
Received Import Request.
  Time since last request: 0.658108 seconds.
  path: Assets/Ultimate GUI Kit/GUI assets/Reload_Button 1.png
  artifactKey: Guid(fa080d9a5b6819345ad5b9b4ddfe3ee3) Importer(815301076,1909f56bfc062723c751e8b465ee728b)
Start importing Assets/Ultimate GUI Kit/GUI assets/Reload_Button 1.png using Guid(fa080d9a5b6819345ad5b9b4ddfe3ee3) Importer(815301076,1909f56bfc062723c751e8b465ee728b)  -> (artifact id: '16c87d172e3169d35c6159cc8e1a80c6') in 0.028023 seconds 
========================================================================
Received Import Request.
  Time since last request: 0.000025 seconds.
  path: Assets/Ultimate GUI Kit/GUI assets/Return_Button_r.png
  artifactKey: Guid(47a567e8f8502cc4dad82440588357fe) Importer(815301076,1909f56bfc062723c751e8b465ee728b)
Start importing Assets/Ultimate GUI Kit/GUI assets/Return_Button_r.png using Guid(47a567e8f8502cc4dad82440588357fe) Importer(815301076,1909f56bfc062723c751e8b465ee728b)  -> (artifact id: '54b3fe3fb8bcb3af8bc87bc903a53a25') in 0.020269 seconds 
========================================================================
Received Import Request.
  Time since last request: 0.000050 seconds.
  path: Assets/Ultimate GUI Kit/GUI assets/Tutorial.png
  artifactKey: Guid(91c341a14b8c9a147b8dd3af6de6c834) Importer(815301076,1909f56bfc062723c751e8b465ee728b)
Start importing Assets/Ultimate GUI Kit/GUI assets/Tutorial.png using Guid(91c341a14b8c9a147b8dd3af6de6c834) Importer(815301076,1909f56bfc062723c751e8b465ee728b)  -> (artifact id: '8f0659976b8c3c0871f9df06a1e0be09') in 0.024012 seconds 
========================================================================
Received Import Request.
  Time since last request: 0.000020 seconds.
  path: Assets/Ultimate GUI Kit/GUI assets/Star 1.png
  artifactKey: Guid(5aeac55d0d081d64d8bfc18e060adbdf) Importer(815301076,1909f56bfc062723c751e8b465ee728b)
Start importing Assets/Ultimate GUI Kit/GUI assets/Star 1.png using Guid(5aeac55d0d081d64d8bfc18e060adbdf) Importer(815301076,1909f56bfc062723c751e8b465ee728b)  -> (artifact id: 'ace98d68c6d86e1f7b1353d61ac2d047') in 0.018547 seconds 
========================================================================
Received Import Request.
  Time since last request: 0.000028 seconds.
  path: Assets/Ultimate GUI Kit/GUI assets/Score_BG Yellow.png
  artifactKey: Guid(e949e82e075301f4b94d4d641c452982) Importer(815301076,1909f56bfc062723c751e8b465ee728b)
Start importing Assets/Ultimate GUI Kit/GUI assets/Score_BG Yellow.png using Guid(e949e82e075301f4b94d4d641c452982) Importer(815301076,1909f56bfc062723c751e8b465ee728b)  -> (artifact id: '381cb73133b4b4b00d7192d5a1ca17cc') in 0.019357 seconds 
========================================================================
Received Import Request.
  Time since last request: 0.000030 seconds.
  path: Assets/Ultimate GUI Kit/GUI assets/yellow_button00.png
  artifactKey: Guid(8f2a83699cacfd94a9e86eafed7a87fe) Importer(815301076,1909f56bfc062723c751e8b465ee728b)
Start importing Assets/Ultimate GUI Kit/GUI assets/yellow_button00.png using Guid(8f2a83699cacfd94a9e86eafed7a87fe) Importer(815301076,1909f56bfc062723c751e8b465ee728b)  -> (artifact id: '6ccf0cc60039f1a17318d7198aff6eac') in 0.018188 seconds 
========================================================================
Received Import Request.
  Time since last request: 0.019248 seconds.
  path: Assets/Ultimate GUI Kit/GUI assets/yellow_button02.png
  artifactKey: Guid(0577d4dd65fe7354da25da0efa41dffe) Importer(815301076,1909f56bfc062723c751e8b465ee728b)
Start importing Assets/Ultimate GUI Kit/GUI assets/yellow_button02.png using Guid(0577d4dd65fe7354da25da0efa41dffe) Importer(815301076,1909f56bfc062723c751e8b465ee728b)  -> (artifact id: '576f3e3545aa5b8429b292a941193676') in 0.021268 seconds 
========================================================================
Received Import Request.
  Time since last request: 0.000027 seconds.
  path: Assets/Ultimate GUI Kit/GUI assets/yellow_panel.png
  artifactKey: Guid(158b9b9df5d2a364ea3ef36767266a49) Importer(815301076,1909f56bfc062723c751e8b465ee728b)
Start importing Assets/Ultimate GUI Kit/GUI assets/yellow_panel.png using Guid(158b9b9df5d2a364ea3ef36767266a49) Importer(815301076,1909f56bfc062723c751e8b465ee728b)  -> (artifact id: 'cb41532694ef283d0829b473b3c5a06b') in 0.017705 seconds 
========================================================================
Received Prepare
Registering precompiled user dll's ...
Registered in 0.002427 seconds.
Begin MonoManager ReloadAssembly
Native extension for WindowsStandalone target not found
Native extension for WebGL target not found
Refreshing native plugins compatible for Editor in 0.86 ms, found 2 plugins.
Preloading 0 native plugins for Editor in 0.00 ms.
Mono: successfully reloaded assembly
- Completed reload, in  1.260 seconds
Domain Reload Profiling:
	ReloadAssembly (1261ms)
		BeginReloadAssembly (132ms)
			ExecutionOrderSort (0ms)
			DisableScriptedObjects (7ms)
			BackupInstance (0ms)
			ReleaseScriptingObjects (0ms)
			CreateAndSetChildDomain (36ms)
		EndReloadAssembly (1012ms)
			LoadAssemblies (81ms)
			RebuildTransferFunctionScriptingTraits (0ms)
			SetupTypeCache (217ms)
			ReleaseScriptCaches (1ms)
			RebuildScriptCaches (53ms)
			SetupLoadedEditorAssemblies (590ms)
				LogAssemblyErrors (0ms)
				InitializePlatformSupportModulesInManaged (20ms)
				SetLoadedEditorAssemblies (1ms)
				RefreshPlugins (1ms)
				BeforeProcessingInitializeOnLoad (71ms)
				ProcessInitializeOnLoadAttributes (279ms)
				ProcessInitializeOnLoadMethodAttributes (210ms)
				AfterProcessingInitializeOnLoad (9ms)
				EditorAssembliesLoaded (0ms)
			ExecutionOrderSort2 (0ms)
			AwakeInstancesAfterBackupRestoration (8ms)
Platform modules already initialized, skipping
Refreshing native plugins compatible for Editor in 5.77 ms, found 2 plugins.
Preloading 0 native plugins for Editor in 0.00 ms.
Unloading 2433 Unused Serialized files (Serialized files now loaded: 0)
Unloading 67 unused Assets / (25.7 KB). Loaded Objects now: 2939.
Memory consumption went from 96.5 MB to 96.5 MB.
Total: 7.957900 ms (FindLiveObjects: 0.250000 ms CreateObjectMapping: 0.246900 ms MarkObjects: 7.402900 ms  DeleteObjects: 0.056500 ms)

AssetImportParameters requested are different than current active one (requested -> active):
  custom:video-decoder-ogg-theora: a1e56fd34408186e4bbccfd4996cb3dc -> 
  custom:container-muxer-webm: aa71ff27fc2769a1b78a27578f13a17b -> 
  custom:container-demuxer-webm: 4f35f7cbe854078d1ac9338744f61a02 -> 
  custom:video-encoder-webm-vp8: eb34c28f22e8b96e1ab97ce403110664 -> 
  custom:video-codec-MediaFoundation-h265: 746d11721c4dcdbdad8f713fa42b33f4 -> 
  custom:audio-encoder-webm-vorbis: bf7c407c2cedff20999df2af8eb42d56 -> 
  custom:framework-win-MediaFoundation: 216162199b28c13a410421893ffa2e32 -> 
  custom:container-demuxer-ogg: 62fdf1f143b41e24485cea50d1cbac27 -> 
  custom:video-decoder-webm-vp8: 9c59270c3fd7afecdb556c50c9e8de78 -> 
  custom:audio-decoder-ogg-vorbis: bf7c407c2cedff20999df2af8eb42d56 -> 
========================================================================
Received Prepare
Registering precompiled user dll's ...
Registered in 0.003015 seconds.
Begin MonoManager ReloadAssembly
Native extension for WindowsStandalone target not found
Native extension for WebGL target not found
Refreshing native plugins compatible for Editor in 0.76 ms, found 4 plugins.
Preloading 0 native plugins for Editor in 0.00 ms.
Mono: successfully reloaded assembly
- Completed reload, in  1.034 seconds
Domain Reload Profiling:
	ReloadAssembly (1035ms)
		BeginReloadAssembly (118ms)
			ExecutionOrderSort (0ms)
			DisableScriptedObjects (7ms)
			BackupInstance (0ms)
			ReleaseScriptingObjects (0ms)
			CreateAndSetChildDomain (32ms)
		EndReloadAssembly (811ms)
			LoadAssemblies (72ms)
			RebuildTransferFunctionScriptingTraits (0ms)
			SetupTypeCache (210ms)
			ReleaseScriptCaches (1ms)
			RebuildScriptCaches (41ms)
			SetupLoadedEditorAssemblies (445ms)
				LogAssemblyErrors (0ms)
				InitializePlatformSupportModulesInManaged (15ms)
				SetLoadedEditorAssemblies (0ms)
				RefreshPlugins (1ms)
				BeforeProcessingInitializeOnLoad (56ms)
				ProcessInitializeOnLoadAttributes (235ms)
				ProcessInitializeOnLoadMethodAttributes (132ms)
				AfterProcessingInitializeOnLoad (6ms)
				EditorAssembliesLoaded (0ms)
			ExecutionOrderSort2 (0ms)
			AwakeInstancesAfterBackupRestoration (6ms)
Platform modules already initialized, skipping
Refreshing native plugins compatible for Editor in 4.14 ms, found 4 plugins.
Preloading 0 native plugins for Editor in 0.00 ms.
Unloading 2574 Unused Serialized files (Serialized files now loaded: 0)
Unloading 77 unused Assets / (279.5 KB). Loaded Objects now: 3073.
Memory consumption went from 101.2 MB to 100.9 MB.
Total: 5.160000 ms (FindLiveObjects: 0.194300 ms CreateObjectMapping: 0.105000 ms MarkObjects: 4.714400 ms  DeleteObjects: 0.145600 ms)

AssetImportParameters requested are different than current active one (requested -> active):
  custom:video-decoder-ogg-theora: a1e56fd34408186e4bbccfd4996cb3dc -> 
  custom:container-muxer-webm: aa71ff27fc2769a1b78a27578f13a17b -> 
  custom:container-demuxer-webm: 4f35f7cbe854078d1ac9338744f61a02 -> 
  custom:video-encoder-webm-vp8: eb34c28f22e8b96e1ab97ce403110664 -> 
  custom:video-codec-MediaFoundation-h265: 746d11721c4dcdbdad8f713fa42b33f4 -> 
  custom:audio-encoder-webm-vorbis: bf7c407c2cedff20999df2af8eb42d56 -> 
  custom:framework-win-MediaFoundation: 216162199b28c13a410421893ffa2e32 -> 
  custom:container-demuxer-ogg: 62fdf1f143b41e24485cea50d1cbac27 -> 
  custom:video-decoder-webm-vp8: 9c59270c3fd7afecdb556c50c9e8de78 -> 
  custom:audio-decoder-ogg-vorbis: bf7c407c2cedff20999df2af8eb42d56 -> 
========================================================================
Received Prepare
Registering precompiled user dll's ...
Registered in 0.002596 seconds.
Begin MonoManager ReloadAssembly
Native extension for WindowsStandalone target not found
Native extension for WebGL target not found
Refreshing native plugins compatible for Editor in 0.83 ms, found 4 plugins.
Preloading 0 native plugins for Editor in 0.00 ms.
Mono: successfully reloaded assembly
- Completed reload, in  1.191 seconds
Domain Reload Profiling:
	ReloadAssembly (1192ms)
		BeginReloadAssembly (126ms)
			ExecutionOrderSort (0ms)
			DisableScriptedObjects (7ms)
			BackupInstance (0ms)
			ReleaseScriptingObjects (0ms)
			CreateAndSetChildDomain (31ms)
		EndReloadAssembly (954ms)
			LoadAssemblies (77ms)
			RebuildTransferFunctionScriptingTraits (0ms)
			SetupTypeCache (239ms)
			ReleaseScriptCaches (1ms)
			RebuildScriptCaches (62ms)
			SetupLoadedEditorAssemblies (511ms)
				LogAssemblyErrors (0ms)
				InitializePlatformSupportModulesInManaged (19ms)
				SetLoadedEditorAssemblies (1ms)
				RefreshPlugins (1ms)
				BeforeProcessingInitializeOnLoad (79ms)
				ProcessInitializeOnLoadAttributes (229ms)
				ProcessInitializeOnLoadMethodAttributes (173ms)
				AfterProcessingInitializeOnLoad (9ms)
				EditorAssembliesLoaded (0ms)
			ExecutionOrderSort2 (0ms)
			AwakeInstancesAfterBackupRestoration (7ms)
Platform modules already initialized, skipping
Refreshing native plugins compatible for Editor in 6.19 ms, found 4 plugins.
Preloading 0 native plugins for Editor in 0.00 ms.
Unloading 2574 Unused Serialized files (Serialized files now loaded: 0)
Unloading 77 unused Assets / (279.2 KB). Loaded Objects now: 3076.
Memory consumption went from 101.3 MB to 101.0 MB.
Total: 7.034900 ms (FindLiveObjects: 0.267000 ms CreateObjectMapping: 0.220700 ms MarkObjects: 6.312800 ms  DeleteObjects: 0.233000 ms)

AssetImportParameters requested are different than current active one (requested -> active):
  custom:video-decoder-ogg-theora: a1e56fd34408186e4bbccfd4996cb3dc -> 
  custom:container-muxer-webm: aa71ff27fc2769a1b78a27578f13a17b -> 
  custom:container-demuxer-webm: 4f35f7cbe854078d1ac9338744f61a02 -> 
  custom:video-encoder-webm-vp8: eb34c28f22e8b96e1ab97ce403110664 -> 
  custom:video-codec-MediaFoundation-h265: 746d11721c4dcdbdad8f713fa42b33f4 -> 
  custom:audio-encoder-webm-vorbis: bf7c407c2cedff20999df2af8eb42d56 -> 
  custom:framework-win-MediaFoundation: 216162199b28c13a410421893ffa2e32 -> 
  custom:container-demuxer-ogg: 62fdf1f143b41e24485cea50d1cbac27 -> 
  custom:video-decoder-webm-vp8: 9c59270c3fd7afecdb556c50c9e8de78 -> 
  custom:audio-decoder-ogg-vorbis: bf7c407c2cedff20999df2af8eb42d56 -> 
========================================================================
Received Prepare
Registering precompiled user dll's ...
Registered in 0.003605 seconds.
Begin MonoManager ReloadAssembly
Native extension for WindowsStandalone target not found
Native extension for WebGL target not found
Refreshing native plugins compatible for Editor in 1.22 ms, found 4 plugins.
Preloading 0 native plugins for Editor in 0.00 ms.
Mono: successfully reloaded assembly
- Completed reload, in  1.159 seconds
Domain Reload Profiling:
	ReloadAssembly (1160ms)
		BeginReloadAssembly (128ms)
			ExecutionOrderSort (0ms)
			DisableScriptedObjects (7ms)
			BackupInstance (0ms)
			ReleaseScriptingObjects (0ms)
			CreateAndSetChildDomain (32ms)
		EndReloadAssembly (906ms)
			LoadAssemblies (84ms)
			RebuildTransferFunctionScriptingTraits (0ms)
			SetupTypeCache (206ms)
			ReleaseScriptCaches (1ms)
			RebuildScriptCaches (52ms)
			SetupLoadedEditorAssemblies (526ms)
				LogAssemblyErrors (0ms)
				InitializePlatformSupportModulesInManaged (15ms)
				SetLoadedEditorAssemblies (1ms)
				RefreshPlugins (1ms)
				BeforeProcessingInitializeOnLoad (71ms)
				ProcessInitializeOnLoadAttributes (257ms)
				ProcessInitializeOnLoadMethodAttributes (170ms)
				AfterProcessingInitializeOnLoad (10ms)
				EditorAssembliesLoaded (0ms)
			ExecutionOrderSort2 (0ms)
			AwakeInstancesAfterBackupRestoration (7ms)
Platform modules already initialized, skipping
Refreshing native plugins compatible for Editor in 5.22 ms, found 4 plugins.
Preloading 0 native plugins for Editor in 0.00 ms.
Unloading 2574 Unused Serialized files (Serialized files now loaded: 0)
Unloading 77 unused Assets / (279.6 KB). Loaded Objects now: 3079.
Memory consumption went from 101.3 MB to 101.0 MB.
Total: 7.110800 ms (FindLiveObjects: 0.237000 ms CreateObjectMapping: 0.201200 ms MarkObjects: 6.385500 ms  DeleteObjects: 0.285900 ms)

AssetImportParameters requested are different than current active one (requested -> active):
  custom:video-decoder-ogg-theora: a1e56fd34408186e4bbccfd4996cb3dc -> 
  custom:container-muxer-webm: aa71ff27fc2769a1b78a27578f13a17b -> 
  custom:container-demuxer-webm: 4f35f7cbe854078d1ac9338744f61a02 -> 
  custom:video-encoder-webm-vp8: eb34c28f22e8b96e1ab97ce403110664 -> 
  custom:video-codec-MediaFoundation-h265: 746d11721c4dcdbdad8f713fa42b33f4 -> 
  custom:audio-encoder-webm-vorbis: bf7c407c2cedff20999df2af8eb42d56 -> 
  custom:framework-win-MediaFoundation: 216162199b28c13a410421893ffa2e32 -> 
  custom:container-demuxer-ogg: 62fdf1f143b41e24485cea50d1cbac27 -> 
  custom:video-decoder-webm-vp8: 9c59270c3fd7afecdb556c50c9e8de78 -> 
  custom:audio-decoder-ogg-vorbis: bf7c407c2cedff20999df2af8eb42d56 -> 
========================================================================
Received Prepare
Registering precompiled user dll's ...
Registered in 0.003526 seconds.
Begin MonoManager ReloadAssembly
Native extension for WindowsStandalone target not found
Native extension for WebGL target not found
Refreshing native plugins compatible for Editor in 0.83 ms, found 4 plugins.
Preloading 0 native plugins for Editor in 0.00 ms.
Mono: successfully reloaded assembly
- Completed reload, in  1.167 seconds
Domain Reload Profiling:
	ReloadAssembly (1167ms)
		BeginReloadAssembly (118ms)
			ExecutionOrderSort (0ms)
			DisableScriptedObjects (10ms)
			BackupInstance (0ms)
			ReleaseScriptingObjects (0ms)
			CreateAndSetChildDomain (32ms)
		EndReloadAssembly (950ms)
			LoadAssemblies (68ms)
			RebuildTransferFunctionScriptingTraits (0ms)
			SetupTypeCache (256ms)
			ReleaseScriptCaches (1ms)
			RebuildScriptCaches (57ms)
			SetupLoadedEditorAssemblies (503ms)
				LogAssemblyErrors (0ms)
				InitializePlatformSupportModulesInManaged (15ms)
				SetLoadedEditorAssemblies (1ms)
				RefreshPlugins (1ms)
				BeforeProcessingInitializeOnLoad (66ms)
				ProcessInitializeOnLoadAttributes (238ms)
				ProcessInitializeOnLoadMethodAttributes (174ms)
				AfterProcessingInitializeOnLoad (8ms)
				EditorAssembliesLoaded (0ms)
			ExecutionOrderSort2 (0ms)
			AwakeInstancesAfterBackupRestoration (7ms)
Platform modules already initialized, skipping
Refreshing native plugins compatible for Editor in 4.48 ms, found 4 plugins.
Preloading 0 native plugins for Editor in 0.00 ms.
Unloading 2574 Unused Serialized files (Serialized files now loaded: 0)
Unloading 77 unused Assets / (279.4 KB). Loaded Objects now: 3082.
Memory consumption went from 101.3 MB to 101.0 MB.
Total: 6.203900 ms (FindLiveObjects: 0.232100 ms CreateObjectMapping: 0.162500 ms MarkObjects: 5.615700 ms  DeleteObjects: 0.192400 ms)

AssetImportParameters requested are different than current active one (requested -> active):
  custom:video-decoder-ogg-theora: a1e56fd34408186e4bbccfd4996cb3dc -> 
  custom:container-muxer-webm: aa71ff27fc2769a1b78a27578f13a17b -> 
  custom:container-demuxer-webm: 4f35f7cbe854078d1ac9338744f61a02 -> 
  custom:video-encoder-webm-vp8: eb34c28f22e8b96e1ab97ce403110664 -> 
  custom:video-codec-MediaFoundation-h265: 746d11721c4dcdbdad8f713fa42b33f4 -> 
  custom:audio-encoder-webm-vorbis: bf7c407c2cedff20999df2af8eb42d56 -> 
  custom:framework-win-MediaFoundation: 216162199b28c13a410421893ffa2e32 -> 
  custom:container-demuxer-ogg: 62fdf1f143b41e24485cea50d1cbac27 -> 
  custom:video-decoder-webm-vp8: 9c59270c3fd7afecdb556c50c9e8de78 -> 
  custom:audio-decoder-ogg-vorbis: bf7c407c2cedff20999df2af8eb42d56 -> 
========================================================================
Received Prepare
Registering precompiled user dll's ...
Registered in 0.003879 seconds.
Begin MonoManager ReloadAssembly
Native extension for WindowsStandalone target not found
Native extension for WebGL target not found
Refreshing native plugins compatible for Editor in 1.04 ms, found 4 plugins.
Preloading 0 native plugins for Editor in 0.00 ms.
Mono: successfully reloaded assembly
- Completed reload, in  1.123 seconds
Domain Reload Profiling:
	ReloadAssembly (1123ms)
		BeginReloadAssembly (130ms)
			ExecutionOrderSort (0ms)
			DisableScriptedObjects (7ms)
			BackupInstance (0ms)
			ReleaseScriptingObjects (0ms)
			CreateAndSetChildDomain (33ms)
		EndReloadAssembly (900ms)
			LoadAssemblies (80ms)
			RebuildTransferFunctionScriptingTraits (0ms)
			SetupTypeCache (180ms)
			ReleaseScriptCaches (1ms)
			RebuildScriptCaches (49ms)
			SetupLoadedEditorAssemblies (543ms)
				LogAssemblyErrors (0ms)
				InitializePlatformSupportModulesInManaged (14ms)
				SetLoadedEditorAssemblies (0ms)
				RefreshPlugins (1ms)
				BeforeProcessingInitializeOnLoad (62ms)
				ProcessInitializeOnLoadAttributes (285ms)
				ProcessInitializeOnLoadMethodAttributes (173ms)
				AfterProcessingInitializeOnLoad (9ms)
				EditorAssembliesLoaded (0ms)
			ExecutionOrderSort2 (0ms)
			AwakeInstancesAfterBackupRestoration (8ms)
Platform modules already initialized, skipping
Refreshing native plugins compatible for Editor in 5.29 ms, found 4 plugins.
Preloading 0 native plugins for Editor in 0.00 ms.
Unloading 2574 Unused Serialized files (Serialized files now loaded: 0)
Unloading 77 unused Assets / (279.5 KB). Loaded Objects now: 3085.
Memory consumption went from 101.3 MB to 101.0 MB.
Total: 6.971500 ms (FindLiveObjects: 0.228800 ms CreateObjectMapping: 0.140900 ms MarkObjects: 6.319200 ms  DeleteObjects: 0.281100 ms)

AssetImportParameters requested are different than current active one (requested -> active):
  custom:video-decoder-ogg-theora: a1e56fd34408186e4bbccfd4996cb3dc -> 
  custom:container-muxer-webm: aa71ff27fc2769a1b78a27578f13a17b -> 
  custom:container-demuxer-webm: 4f35f7cbe854078d1ac9338744f61a02 -> 
  custom:video-encoder-webm-vp8: eb34c28f22e8b96e1ab97ce403110664 -> 
  custom:video-codec-MediaFoundation-h265: 746d11721c4dcdbdad8f713fa42b33f4 -> 
  custom:audio-encoder-webm-vorbis: bf7c407c2cedff20999df2af8eb42d56 -> 
  custom:framework-win-MediaFoundation: 216162199b28c13a410421893ffa2e32 -> 
  custom:container-demuxer-ogg: 62fdf1f143b41e24485cea50d1cbac27 -> 
  custom:video-decoder-webm-vp8: 9c59270c3fd7afecdb556c50c9e8de78 -> 
  custom:audio-decoder-ogg-vorbis: bf7c407c2cedff20999df2af8eb42d56 -> 
========================================================================
Received Prepare
Registering precompiled user dll's ...
Registered in 0.004152 seconds.
Begin MonoManager ReloadAssembly
Native extension for WindowsStandalone target not found
Native extension for WebGL target not found
Refreshing native plugins compatible for Editor in 1.22 ms, found 4 plugins.
Preloading 0 native plugins for Editor in 0.00 ms.
Mono: successfully reloaded assembly
- Completed reload, in  1.243 seconds
Domain Reload Profiling:
	ReloadAssembly (1243ms)
		BeginReloadAssembly (146ms)
			ExecutionOrderSort (0ms)
			DisableScriptedObjects (7ms)
			BackupInstance (0ms)
			ReleaseScriptingObjects (0ms)
			CreateAndSetChildDomain (41ms)
		EndReloadAssembly (979ms)
			LoadAssemblies (88ms)
			RebuildTransferFunctionScriptingTraits (0ms)
			SetupTypeCache (282ms)
			ReleaseScriptCaches (1ms)
			RebuildScriptCaches (48ms)
			SetupLoadedEditorAssemblies (511ms)
				LogAssemblyErrors (0ms)
				InitializePlatformSupportModulesInManaged (18ms)
				SetLoadedEditorAssemblies (1ms)
				RefreshPlugins (1ms)
				BeforeProcessingInitializeOnLoad (73ms)
				ProcessInitializeOnLoadAttributes (236ms)
				ProcessInitializeOnLoadMethodAttributes (170ms)
				AfterProcessingInitializeOnLoad (12ms)
				EditorAssembliesLoaded (0ms)
			ExecutionOrderSort2 (0ms)
			AwakeInstancesAfterBackupRestoration (9ms)
Platform modules already initialized, skipping
Refreshing native plugins compatible for Editor in 4.63 ms, found 4 plugins.
Preloading 0 native plugins for Editor in 0.00 ms.
Unloading 2574 Unused Serialized files (Serialized files now loaded: 0)
Unloading 77 unused Assets / (279.5 KB). Loaded Objects now: 3088.
Memory consumption went from 101.3 MB to 101.0 MB.
Total: 6.522900 ms (FindLiveObjects: 0.215000 ms CreateObjectMapping: 0.128600 ms MarkObjects: 5.988100 ms  DeleteObjects: 0.190100 ms)

AssetImportParameters requested are different than current active one (requested -> active):
  custom:video-decoder-ogg-theora: a1e56fd34408186e4bbccfd4996cb3dc -> 
  custom:container-muxer-webm: aa71ff27fc2769a1b78a27578f13a17b -> 
  custom:container-demuxer-webm: 4f35f7cbe854078d1ac9338744f61a02 -> 
  custom:video-encoder-webm-vp8: eb34c28f22e8b96e1ab97ce403110664 -> 
  custom:video-codec-MediaFoundation-h265: 746d11721c4dcdbdad8f713fa42b33f4 -> 
  custom:audio-encoder-webm-vorbis: bf7c407c2cedff20999df2af8eb42d56 -> 
  custom:framework-win-MediaFoundation: 216162199b28c13a410421893ffa2e32 -> 
  custom:container-demuxer-ogg: 62fdf1f143b41e24485cea50d1cbac27 -> 
  custom:video-decoder-webm-vp8: 9c59270c3fd7afecdb556c50c9e8de78 -> 
  custom:audio-decoder-ogg-vorbis: bf7c407c2cedff20999df2af8eb42d56 -> 
========================================================================
Received Prepare
Registering precompiled user dll's ...
Registered in 0.002807 seconds.
Begin MonoManager ReloadAssembly
Native extension for WindowsStandalone target not found
Native extension for WebGL target not found
Refreshing native plugins compatible for Editor in 0.74 ms, found 4 plugins.
Preloading 0 native plugins for Editor in 0.00 ms.
Mono: successfully reloaded assembly
- Completed reload, in  1.307 seconds
Domain Reload Profiling:
	ReloadAssembly (1308ms)
		BeginReloadAssembly (129ms)
			ExecutionOrderSort (0ms)
			DisableScriptedObjects (7ms)
			BackupInstance (0ms)
			ReleaseScriptingObjects (0ms)
			CreateAndSetChildDomain (34ms)
		EndReloadAssembly (1075ms)
			LoadAssemblies (73ms)
			RebuildTransferFunctionScriptingTraits (0ms)
			SetupTypeCache (221ms)
			ReleaseScriptCaches (1ms)
			RebuildScriptCaches (58ms)
			SetupLoadedEditorAssemblies (659ms)
				LogAssemblyErrors (0ms)
				InitializePlatformSupportModulesInManaged (16ms)
				SetLoadedEditorAssemblies (0ms)
				RefreshPlugins (1ms)
				BeforeProcessingInitializeOnLoad (74ms)
				ProcessInitializeOnLoadAttributes (369ms)
				ProcessInitializeOnLoadMethodAttributes (189ms)
				AfterProcessingInitializeOnLoad (9ms)
				EditorAssembliesLoaded (0ms)
			ExecutionOrderSort2 (0ms)
			AwakeInstancesAfterBackupRestoration (6ms)
Platform modules already initialized, skipping
Refreshing native plugins compatible for Editor in 5.08 ms, found 4 plugins.
Preloading 0 native plugins for Editor in 0.00 ms.
Unloading 2574 Unused Serialized files (Serialized files now loaded: 0)
Unloading 77 unused Assets / (279.7 KB). Loaded Objects now: 3091.
Memory consumption went from 101.3 MB to 101.0 MB.
Total: 11.217000 ms (FindLiveObjects: 0.260500 ms CreateObjectMapping: 0.150600 ms MarkObjects: 10.597900 ms  DeleteObjects: 0.206700 ms)

AssetImportParameters requested are different than current active one (requested -> active):
  custom:video-decoder-ogg-theora: a1e56fd34408186e4bbccfd4996cb3dc -> 
  custom:container-muxer-webm: aa71ff27fc2769a1b78a27578f13a17b -> 
  custom:container-demuxer-webm: 4f35f7cbe854078d1ac9338744f61a02 -> 
  custom:video-encoder-webm-vp8: eb34c28f22e8b96e1ab97ce403110664 -> 
  custom:video-codec-MediaFoundation-h265: 746d11721c4dcdbdad8f713fa42b33f4 -> 
  custom:audio-encoder-webm-vorbis: bf7c407c2cedff20999df2af8eb42d56 -> 
  custom:framework-win-MediaFoundation: 216162199b28c13a410421893ffa2e32 -> 
  custom:container-demuxer-ogg: 62fdf1f143b41e24485cea50d1cbac27 -> 
  custom:video-decoder-webm-vp8: 9c59270c3fd7afecdb556c50c9e8de78 -> 
  custom:audio-decoder-ogg-vorbis: bf7c407c2cedff20999df2af8eb42d56 -> 
